This file contains any messages produced by compilers while
running configure, to aid debugging if configure makes a mistake.

It was created by MPFR configure 4.2.1, which was
generated by GNU Autoconf 2.71.  Invocation command line was

  $ ./configure --with-m4=../m4-1.4 --with-gmp=../gmp-6.3.0

## --------- ##
## Platform. ##
## --------- ##

hostname = fv-az742-943
uname -m = x86_64
uname -r = 3.4.10-bc1f6498.x86_64
uname -s = MINGW64_NT-10.0-20348
uname -v = 2024-09-15 15:08 UTC

/usr/bin/uname -p = unknown
/bin/uname -X     = unknown

/bin/arch              = x86_64
/usr/bin/arch -k       = unknown
/usr/convex/getsysinfo = unknown
/usr/bin/hostinfo      = unknown
/bin/machine           = unknown
/usr/bin/oslevel       = unknown
/bin/universe          = unknown

PATH: /mingw64/bin/
PATH: /usr/bin/
PATH: /c/Users/runneradmin/bin/
PATH: /c/Program Files/MongoDB/Server/5.0/bin/
PATH: /c/aliyun-cli/
PATH: /c/vcpkg/
PATH: /c/Program Files (x86)/NSIS/
PATH: /c/tools/zstd/
PATH: /c/Program Files/Mercurial/
PATH: /c/hostedtoolcache/windows/stack/3.1.1/x64/
PATH: /c/cabal/bin/
PATH: /c/ghcup/bin/
PATH: /c/mingw64/bin/
PATH: /c/Program Files/dotnet/
PATH: /c/Program Files/MySQL/MySQL Server 8.0/bin/
PATH: /c/Program Files/R/R-4.4.1/bin/x64/
PATH: /c/SeleniumWebDrivers/GeckoDriver/
PATH: /c/SeleniumWebDrivers/EdgeDriver/
PATH: /c/SeleniumWebDrivers/ChromeDriver/
PATH: /c/Program Files (x86)/sbt/bin/
PATH: /c/Program Files (x86)/GitHub CLI/
PATH: /bin/
PATH: /c/Program Files (x86)/pipx_bin/
PATH: /c/npm/prefix/
PATH: /c/hostedtoolcache/windows/go/1.21.13/x64/bin/
PATH: /c/hostedtoolcache/windows/Python/3.9.13/x64/Scripts/
PATH: /c/hostedtoolcache/windows/Python/3.9.13/x64/
PATH: /c/hostedtoolcache/windows/Ruby/3.0.7/x64/bin/
PATH: /c/Program Files/OpenSSL/bin/
PATH: /c/tools/kotlinc/bin/
PATH: /c/hostedtoolcache/windows/Java_Temurin-Hotspot_jdk/8.0.422-5/x64/bin/
PATH: /c/Program Files/ImageMagick-7.1.1-Q16-HDRI/
PATH: /c/Program Files/Microsoft SDKs/Azure/CLI2/wbin/
PATH: /c/ProgramData/kind/
PATH: /c/ProgramData/Chocolatey/bin/
PATH: /c/Windows/system32/
PATH: /c/Windows/
PATH: /c/Windows/System32/Wbem/
PATH: /c/Windows/System32/WindowsPowerShell/v1.0/
PATH: /c/Windows/System32/OpenSSH/
PATH: /c/Program Files/dotnet/
PATH: /c/Program Files/PowerShell/7/
PATH: /c/Program Files/Microsoft/Web Platform Installer/
PATH: /c/Program Files/TortoiseSVN/bin/
PATH: /c/Program Files/Microsoft SQL Server/Client SDK/ODBC/170/Tools/Binn/
PATH: /c/Program Files/Microsoft SQL Server/150/Tools/Binn/
PATH: /c/Program Files (x86)/Windows Kits/10/Windows Performance Toolkit/
PATH: /c/Program Files (x86)/WiX Toolset v3.14/bin/
PATH: /c/Program Files/Microsoft SQL Server/130/DTS/Binn/
PATH: /c/Program Files/Microsoft SQL Server/140/DTS/Binn/
PATH: /c/Program Files/Microsoft SQL Server/150/DTS/Binn/
PATH: /c/Program Files/Microsoft SQL Server/160/DTS/Binn/
PATH: /c/Strawberry/c/bin/
PATH: /c/Strawberry/perl/site/bin/
PATH: /c/Strawberry/perl/bin/
PATH: /c/ProgramData/chocolatey/lib/pulumi/tools/Pulumi/bin/
PATH: /c/Program Files/CMake/bin/
PATH: /c/ProgramData/chocolatey/lib/maven/apache-maven-3.8.7/bin/
PATH: /c/Program Files/Microsoft Service Fabric/bin/Fabric/Fabric.Code/
PATH: /c/Program Files/Microsoft SDKs/Service Fabric/Tools/ServiceFabricLocalClusterManager/
PATH: /c/Program Files/nodejs/
PATH: /cmd/
PATH: /mingw64/bin/
PATH: /usr/bin/
PATH: /c/Program Files/GitHub CLI/
PATH: /c/tools/php/
PATH: /c/Program Files (x86)/sbt/bin/
PATH: /c/Program Files/Amazon/AWSCLIV2/
PATH: /c/Program Files/Amazon/SessionManagerPlugin/bin/
PATH: /c/Program Files/Amazon/AWSSAMCLI/bin/
PATH: /c/Program Files/Microsoft SQL Server/130/Tools/Binn/
PATH: /c/Program Files/LLVM/bin/
PATH: /c/Users/runneradmin/.dotnet/tools/
PATH: /c/Users/runneradmin/.cargo/bin/
PATH: /c/Users/runneradmin/AppData/Local/Microsoft/WindowsApps/


## ----------- ##
## Core tests. ##
## ----------- ##

configure:2865: looking for aux files: ltmain.sh ar-lib compile missing install-sh config.guess config.sub
configure:2878:  trying ./
configure:2907:   ./ltmain.sh found
configure:2907:   ./ar-lib found
configure:2907:   ./compile found
configure:2907:   ./missing found
configure:2889:   ./install-sh found
configure:2907:   ./config.guess found
configure:2907:   ./config.sub found
configure:3026: checking build system type
configure:3041: result: x86_64-pc-mingw64
configure:3061: checking host system type
configure:3075: result: x86_64-pc-mingw64
configure:3113: checking for a BSD-compatible install
configure:3186: result: /usr/bin/install -c
configure:3197: checking whether build environment is sane
configure:3252: result: yes
configure:3411: checking for a race-free mkdir -p
configure:3455: result: /usr/bin/mkdir -p
configure:3462: checking for gawk
configure:3483: found /usr/bin/gawk
configure:3494: result: gawk
configure:3505: checking whether make sets $(MAKE)
configure:3528: result: yes
configure:3558: checking whether make supports nested variables
configure:3576: result: yes
configure:3708: checking whether to enable maintainer-specific portions of Makefiles
configure:3718: result: yes
configure:3742: checking for grep that handles long lines and -e
configure:3806: result: /usr/bin/grep
configure:3811: checking for egrep
configure:3879: result: /usr/bin/grep -E
configure:3884: checking for a sed that does not truncate output
configure:3954: result: /usr/bin/sed
configure:4374: checking whether configure options are compatible
configure:4397: result: yes
configure:4410: checking for CC and CFLAGS in gmp.h
configure:4438: result: failed
configure:4529: checking for gcc
configure:4550: found /c/mingw64/bin/gcc
configure:4561: result: gcc
configure:4914: checking for C compiler version
configure:4923: gcc --version >&5
gcc.exe (x86_64-posix-seh-rev2, Built by MinGW-W64 project) 12.2.0
Copyright (C) 2022 Free Software Foundation, Inc.
This is free software; see the source for copying conditions.  There is NO
warranty; not even for MERCHANTABILITY or FITNESS FOR A PARTICULAR PURPOSE.

configure:4934: $? = 0
configure:4923: gcc -v >&5
Using built-in specs.
COLLECT_GCC=C:\mingw64\bin\gcc.exe
COLLECT_LTO_WRAPPER=C:/mingw64/bin/../libexec/gcc/x86_64-w64-mingw32/12.2.0/lto-wrapper.exe
Target: x86_64-w64-mingw32
Configured with: ../../../src/gcc-12.2.0/configure --host=x86_64-w64-mingw32 --build=x86_64-w64-mingw32 --target=x86_64-w64-mingw32 --prefix=/mingw64 --with-sysroot=/c/mingw-builds/ucrt64-seh-posix/x86_64-1220-posix-seh-ucrt-rt_v10-rev2/mingw64 --enable-host-shared --disable-multilib --enable-languages=c,c++,fortran,lto --enable-libstdcxx-time=yes --enable-threads=posix --enable-libgomp --enable-libatomic --enable-lto --enable-graphite --enable-checking=release --enable-fully-dynamic-string --enable-version-specific-runtime-libs --enable-libstdcxx-filesystem-ts=yes --disable-libstdcxx-pch --disable-libstdcxx-debug --enable-bootstrap --disable-rpath --disable-win32-registry --disable-nls --disable-werror --disable-symvers --with-gnu-as --with-gnu-ld --with-arch=nocona --with-tune=core2 --with-libiconv --with-system-zlib --with-gmp=/c/mingw-builds/ucrt64-seh-posix/prerequisites/x86_64-w64-mingw32-static --with-mpfr=/c/mingw-builds/ucrt64-seh-posix/prerequisites/x86_64-w64-mingw32-static --with-mpc=/c/mingw-builds/ucrt64-seh-posix/prerequisites/x86_64-w64-mingw32-static --with-isl=/c/mingw-builds/ucrt64-seh-posix/prerequisites/x86_64-w64-mingw32-static --with-pkgversion='x86_64-posix-seh-rev2, Built by MinGW-W64 project' --with-bugurl=https://sourceforge.net/projects/mingw-w64 CFLAGS='-O2 -pipe -fno-ident -I/c/mingw-builds/ucrt64-seh-posix/x86_64-1220-posix-seh-ucrt-rt_v10-rev2/mingw64/opt/include -I/c/mingw-builds/ucrt64-seh-posix/prerequisites/x86_64-zlib-static/include -I/c/mingw-builds/ucrt64-seh-posix/prerequisites/x86_64-w64-mingw32-static/include' CXXFLAGS='-O2 -pipe -fno-ident -I/c/mingw-builds/ucrt64-seh-posix/x86_64-1220-posix-seh-ucrt-rt_v10-rev2/mingw64/opt/include -I/c/mingw-builds/ucrt64-seh-posix/prerequisites/x86_64-zlib-static/include -I/c/mingw-builds/ucrt64-seh-posix/prerequisites/x86_64-w64-mingw32-static/include' CPPFLAGS=' -I/c/mingw-builds/ucrt64-seh-posix/x86_64-1220-posix-seh-ucrt-rt_v10-rev2/mingw64/opt/include -I/c/mingw-builds/ucrt64-seh-posix/prerequisites/x86_64-zlib-static/include -I/c/mingw-builds/ucrt64-seh-posix/prerequisites/x86_64-w64-mingw32-static/include' LDFLAGS='-pipe -fno-ident -L/c/mingw-builds/ucrt64-seh-posix/x86_64-1220-posix-seh-ucrt-rt_v10-rev2/mingw64/opt/lib -L/c/mingw-builds/ucrt64-seh-posix/prerequisites/x86_64-zlib-static/lib -L/c/mingw-builds/ucrt64-seh-posix/prerequisites/x86_64-w64-mingw32-static/lib ' LD_FOR_TARGET=/c/mingw-builds/ucrt64-seh-posix/x86_64-1220-posix-seh-ucrt-rt_v10-rev2/mingw64/bin/ld.exe --with-boot-ldflags=' -Wl,--disable-dynamicbase -static-libstdc++ -static-libgcc'
Thread model: posix
Supported LTO compression algorithms: zlib
gcc version 12.2.0 (x86_64-posix-seh-rev2, Built by MinGW-W64 project) 
configure:4934: $? = 0
configure:4923: gcc -V >&5
gcc.exe: error: unrecognized command-line option '-V'
gcc.exe: fatal error: no input files
compilation terminated.
configure:4934: $? = 1
configure:4923: gcc -qversion >&5
gcc.exe: error: unrecognized command-line option '-qversion'; did you mean '--version'?
gcc.exe: fatal error: no input files
compilation terminated.
configure:4934: $? = 1
configure:4923: gcc -version >&5
gcc.exe: error: unrecognized command-line option '-version'
gcc.exe: fatal error: no input files
compilation terminated.
configure:4934: $? = 1
configure:4954: checking whether the C compiler works
configure:4976: gcc   -I/d/a/GCC/GCC/gmp-6.3.0/include  -L/d/a/GCC/GCC/gmp-6.3.0/lib conftest.c  >&5
configure:4980: $? = 0
configure:5030: result: yes
configure:5033: checking for C compiler default output file name
configure:5035: result: a.exe
configure:5041: checking for suffix of executables
configure:5048: gcc -o conftest.exe   -I/d/a/GCC/GCC/gmp-6.3.0/include  -L/d/a/GCC/GCC/gmp-6.3.0/lib conftest.c  >&5
configure:5052: $? = 0
configure:5075: result: .exe
configure:5097: checking whether we are cross compiling
configure:5105: gcc -o conftest.exe   -I/d/a/GCC/GCC/gmp-6.3.0/include  -L/d/a/GCC/GCC/gmp-6.3.0/lib conftest.c  >&5
configure:5109: $? = 0
configure:5116: ./conftest.exe
configure:5120: $? = 0
configure:5135: result: no
configure:5140: checking for suffix of object files
configure:5163: gcc -c   -I/d/a/GCC/GCC/gmp-6.3.0/include conftest.c >&5
configure:5167: $? = 0
configure:5189: result: o
configure:5193: checking whether the compiler supports GNU C
configure:5213: gcc -c   -I/d/a/GCC/GCC/gmp-6.3.0/include conftest.c >&5
configure:5213: $? = 0
configure:5223: result: yes
configure:5234: checking whether gcc accepts -g
configure:5255: gcc -c -g  -I/d/a/GCC/GCC/gmp-6.3.0/include conftest.c >&5
configure:5255: $? = 0
configure:5299: result: yes
configure:5319: checking for gcc option to enable C11 features
configure:5334: gcc  -c -g -O2  -I/d/a/GCC/GCC/gmp-6.3.0/include conftest.c >&5
configure:5334: $? = 0
configure:5352: result: none needed
configure:5468: checking whether gcc understands -c and -o together
configure:5491: gcc -c conftest.c -o conftest2.o
configure:5494: $? = 0
configure:5491: gcc -c conftest.c -o conftest2.o
configure:5494: $? = 0
configure:5506: result: yes
configure:5526: checking whether make supports the include directive
configure:5541: make -f confmf.GNU && cat confinc.out
this is the am__doit target
configure:5544: $? = 0
configure:5563: result: yes (GNU style)
configure:5589: checking dependency style of gcc
configure:5701: result: gcc3
configure:5721: checking how to run the C preprocessor
configure:5747: gcc -E  -I/d/a/GCC/GCC/gmp-6.3.0/include conftest.c
configure:5747: $? = 0
configure:5762: gcc -E  -I/d/a/GCC/GCC/gmp-6.3.0/include conftest.c
conftest.c:9:10: fatal error: ac_nonexistent.h: No such file or directory
    9 | #include <ac_nonexistent.h>
      |          ^~~~~~~~~~~~~~~~~~
compilation terminated.
configure:5762: $? = 1
configure: failed program was:
| /* confdefs.h */
| #define PACKAGE_NAME "MPFR"
| #define PACKAGE_TARNAME "mpfr"
| #define PACKAGE_VERSION "4.2.1"
| #define PACKAGE_STRING "MPFR 4.2.1"
| #define PACKAGE_BUGREPORT ""
| #define PACKAGE_URL ""
| /* end confdefs.h.  */
| #include <ac_nonexistent.h>
configure:5789: result: gcc -E
configure:5803: gcc -E  -I/d/a/GCC/GCC/gmp-6.3.0/include conftest.c
configure:5803: $? = 0
configure:5818: gcc -E  -I/d/a/GCC/GCC/gmp-6.3.0/include conftest.c
conftest.c:9:10: fatal error: ac_nonexistent.h: No such file or directory
    9 | #include <ac_nonexistent.h>
      |          ^~~~~~~~~~~~~~~~~~
compilation terminated.
configure:5818: $? = 1
configure: failed program was:
| /* confdefs.h */
| #define PACKAGE_NAME "MPFR"
| #define PACKAGE_TARNAME "mpfr"
| #define PACKAGE_VERSION "4.2.1"
| #define PACKAGE_STRING "MPFR 4.2.1"
| #define PACKAGE_BUGREPORT ""
| #define PACKAGE_URL ""
| /* end confdefs.h.  */
| #include <ac_nonexistent.h>
configure:5911: checking for ar
configure:5932: found /c/mingw64/bin/ar
configure:5943: result: ar
configure:5969: checking the archiver (ar) interface
configure:5986: gcc -c -g -O2  -I/d/a/GCC/GCC/gmp-6.3.0/include conftest.c >&5
configure:5986: $? = 0
configure:5989: ar cru libconftest.a conftest.o >&5
configure:5992: $? = 0
configure:6020: result: ar
configure:6088: checking how to print strings
configure:6115: result: printf
configure:6136: checking for a sed that does not truncate output
configure:6206: result: /usr/bin/sed
configure:6224: checking for fgrep
configure:6292: result: /usr/bin/grep -F
configure:6328: checking for ld used by gcc
configure:6396: result: C:/mingw64/x86_64-w64-mingw32/bin/ld.exe
configure:6403: checking if the linker (C:/mingw64/x86_64-w64-mingw32/bin/ld.exe) is GNU ld
configure:6419: result: yes
configure:6431: checking for BSD- or MS-compatible name lister (nm)
configure:6486: result: /c/mingw64/bin/nm -B
configure:6626: checking the name lister (/c/mingw64/bin/nm -B) interface
configure:6634: gcc -c -g -O2  -I/d/a/GCC/GCC/gmp-6.3.0/include conftest.c >&5
configure:6637: /c/mingw64/bin/nm -B "conftest.o"
configure:6640: output
0000000000000000 b .bss
0000000000000000 d .data
0000000000000000 N .debug_abbrev
0000000000000000 N .debug_aranges
0000000000000000 N .debug_info
0000000000000000 N .debug_line
0000000000000000 N .debug_line_str
0000000000000000 r .rdata$zzz
0000000000000000 t .text
0000000000000000 B some_variable
configure:6647: result: BSD nm
configure:6650: checking whether ln -s works
configure:6657: result: no, using cp -pR
configure:6662: checking the maximum length of command line arguments
configure:6794: result: 8192
configure:6842: checking how to convert x86_64-pc-mingw64 file names to x86_64-pc-mingw64 format
configure:6883: result: func_convert_file_msys_to_w32
configure:6890: checking how to convert x86_64-pc-mingw64 file names to toolchain format
configure:6911: result: func_convert_file_msys_to_w32
configure:6918: checking for C:/mingw64/x86_64-w64-mingw32/bin/ld.exe option to reload object files
configure:6926: result: -r
configure:7005: checking for file
configure:7026: found /usr/bin/file
configure:7037: result: file
configure:7113: checking for objdump
configure:7134: found /c/mingw64/bin/objdump
configure:7145: result: objdump
configure:7174: checking how to recognize dependent libraries
configure:7375: result: file_magic ^x86 archive import|^x86 DLL
configure:7465: checking for dlltool
configure:7486: found /c/mingw64/bin/dlltool
configure:7497: result: dlltool
configure:7527: checking how to associate runtime and link libraries
configure:7555: result: func_cygming_dll_for_implib
configure:7705: checking for archiver @FILE support
configure:7723: gcc -c -g -O2  -I/d/a/GCC/GCC/gmp-6.3.0/include conftest.c >&5
configure:7723: $? = 0
configure:7727: ar cr libconftest.a @conftest.lst >&5
configure:7730: $? = 0
configure:7735: ar cr libconftest.a @conftest.lst >&5
C:\mingw64\bin\ar.exe: conftest.o: No such file or directory
configure:7738: $? = 1
configure:7750: result: @
configure:7813: checking for strip
configure:7834: found /c/mingw64/bin/strip
configure:7845: result: strip
configure:7922: checking for ranlib
configure:7943: found /c/mingw64/bin/ranlib
configure:7954: result: ranlib
configure:8056: checking command to parse /c/mingw64/bin/nm -B output from gcc object
configure:8210: gcc -c -g -O2  -I/d/a/GCC/GCC/gmp-6.3.0/include conftest.c >&5
configure:8213: $? = 0
configure:8217: /c/mingw64/bin/nm -B conftest.o | /usr/bin/sed -n -e 's/^.*[	 ]\([ABCDGIRSTW][ABCDGIRSTW]*\)[	 ][	 ]*\([_A-Za-z][_A-Za-z0-9]*\)\{0,1\}$/\1 \2 \2/p' | /usr/bin/sed '/ __gnu_lto/d' > conftest.nm
configure:8283: gcc -o conftest.exe -g -O2  -I/d/a/GCC/GCC/gmp-6.3.0/include  -L/d/a/GCC/GCC/gmp-6.3.0/lib conftest.c conftstm.o >&5
configure:8286: $? = 0
configure:8324: result: ok
configure:8371: checking for sysroot
configure:8402: result: no
configure:8409: checking for a working dd
configure:8453: result: /usr/bin/dd
configure:8457: checking how to truncate binary pipes
configure:8473: result: /usr/bin/dd bs=4096 count=1
configure:8810: checking for mt
configure:8845: result: no
configure:8865: checking if : is a manifest tool
configure:8872: : '-?'
configure:8880: result: no
configure:9605: checking for stdio.h
configure:9605: gcc -c -g -O2  -I/d/a/GCC/GCC/gmp-6.3.0/include conftest.c >&5
configure:9605: $? = 0
configure:9605: result: yes
configure:9605: checking for stdlib.h
configure:9605: gcc -c -g -O2  -I/d/a/GCC/GCC/gmp-6.3.0/include conftest.c >&5
configure:9605: $? = 0
configure:9605: result: yes
configure:9605: checking for string.h
configure:9605: gcc -c -g -O2  -I/d/a/GCC/GCC/gmp-6.3.0/include conftest.c >&5
configure:9605: $? = 0
configure:9605: result: yes
configure:9605: checking for inttypes.h
configure:9605: gcc -c -g -O2  -I/d/a/GCC/GCC/gmp-6.3.0/include conftest.c >&5
configure:9605: $? = 0
configure:9605: result: yes
configure:9605: checking for stdint.h
configure:9605: gcc -c -g -O2  -I/d/a/GCC/GCC/gmp-6.3.0/include conftest.c >&5
configure:9605: $? = 0
configure:9605: result: yes
configure:9605: checking for strings.h
configure:9605: gcc -c -g -O2  -I/d/a/GCC/GCC/gmp-6.3.0/include conftest.c >&5
configure:9605: $? = 0
configure:9605: result: yes
configure:9605: checking for sys/stat.h
configure:9605: gcc -c -g -O2  -I/d/a/GCC/GCC/gmp-6.3.0/include conftest.c >&5
configure:9605: $? = 0
configure:9605: result: yes
configure:9605: checking for sys/types.h
configure:9605: gcc -c -g -O2  -I/d/a/GCC/GCC/gmp-6.3.0/include conftest.c >&5
configure:9605: $? = 0
configure:9605: result: yes
configure:9605: checking for unistd.h
configure:9605: gcc -c -g -O2  -I/d/a/GCC/GCC/gmp-6.3.0/include conftest.c >&5
configure:9605: $? = 0
configure:9605: result: yes
configure:9630: checking for dlfcn.h
configure:9630: gcc -c -g -O2  -I/d/a/GCC/GCC/gmp-6.3.0/include conftest.c >&5
conftest.c:48:10: fatal error: dlfcn.h: No such file or directory
   48 | #include <dlfcn.h>
      |          ^~~~~~~~~
compilation terminated.
configure:9630: $? = 1
configure: failed program was:
| /* confdefs.h */
| #define PACKAGE_NAME "MPFR"
| #define PACKAGE_TARNAME "mpfr"
| #define PACKAGE_VERSION "4.2.1"
| #define PACKAGE_STRING "MPFR 4.2.1"
| #define PACKAGE_BUGREPORT ""
| #define PACKAGE_URL ""
| #define HAVE_STDIO_H 1
| #define HAVE_STDLIB_H 1
| #define HAVE_STRING_H 1
| #define HAVE_INTTYPES_H 1
| #define HAVE_STDINT_H 1
| #define HAVE_STRINGS_H 1
| #define HAVE_SYS_STAT_H 1
| #define HAVE_SYS_TYPES_H 1
| #define HAVE_UNISTD_H 1
| #define STDC_HEADERS 1
| /* end confdefs.h.  */
| #include <stddef.h>
| #ifdef HAVE_STDIO_H
| # include <stdio.h>
| #endif
| #ifdef HAVE_STDLIB_H
| # include <stdlib.h>
| #endif
| #ifdef HAVE_STRING_H
| # include <string.h>
| #endif
| #ifdef HAVE_INTTYPES_H
| # include <inttypes.h>
| #endif
| #ifdef HAVE_STDINT_H
| # include <stdint.h>
| #endif
| #ifdef HAVE_STRINGS_H
| # include <strings.h>
| #endif
| #ifdef HAVE_SYS_TYPES_H
| # include <sys/types.h>
| #endif
| #ifdef HAVE_SYS_STAT_H
| # include <sys/stat.h>
| #endif
| #ifdef HAVE_UNISTD_H
| # include <unistd.h>
| #endif
| 
| #include <dlfcn.h>
configure:9630: result: no
configure:9695: checking for as
configure:9716: found /c/mingw64/bin/as
configure:9727: result: as
configure:9797: checking for dlltool
configure:9829: result: dlltool
configure:9899: checking for objdump
configure:9931: result: objdump
configure:10217: checking for objdir
configure:10233: result: .libs
configure:10497: checking if gcc supports -fno-rtti -fno-exceptions
configure:10516: gcc -c -g -O2  -I/d/a/GCC/GCC/gmp-6.3.0/include -fno-rtti -fno-exceptions conftest.c >&5
cc1.exe: warning: command-line option '-fno-rtti' is valid for C++/D/ObjC++ but not for C
configure:10520: $? = 0
configure:10533: result: no
configure:10897: checking for gcc option to produce PIC
configure:10905: result: -DDLL_EXPORT -DPIC
configure:10913: checking if gcc PIC flag -DDLL_EXPORT -DPIC works
configure:10932: gcc -c -g -O2  -I/d/a/GCC/GCC/gmp-6.3.0/include -DDLL_EXPORT -DPIC -DPIC conftest.c >&5
configure:10936: $? = 0
configure:10949: result: yes
configure:10978: checking if gcc static flag -static works
configure:11007: result: yes
configure:11022: checking if gcc supports -c -o file.o
configure:11044: gcc -c -g -O2  -I/d/a/GCC/GCC/gmp-6.3.0/include -o out/conftest2.o conftest.c >&5
configure:11048: $? = 0
configure:11070: result: yes
configure:11078: checking if gcc supports -c -o file.o
configure:11126: result: yes
configure:11159: checking whether the gcc linker (C:/mingw64/x86_64-w64-mingw32/bin/ld.exe) supports shared libraries
configure:12433: result: yes
configure:12470: checking whether -lc should be explicitly linked in
configure:12479: gcc -c -g -O2  -I/d/a/GCC/GCC/gmp-6.3.0/include conftest.c >&5
configure:12482: $? = 0
configure:12497: gcc -shared conftest.o  -v -o ./conftest -Wl,--enable-auto-image-base -Xlinker --out-implib -Xlinker conftest 2\>\&1 \| /usr/bin/grep  -lc  \>/dev/null 2\>\&1
configure:12500: $? = 1
configure:12514: result: yes
configure:12674: checking dynamic linker characteristics
configure:13507: result: Win32 ld.exe
configure:13629: checking how to hardcode library paths into programs
configure:13654: result: immediate
configure:14221: checking whether stripping libraries is possible
configure:14230: result: yes
configure:14272: checking if libtool supports shared libraries
configure:14274: result: yes
configure:14277: checking whether to build shared libraries
configure:14302: result: yes
configure:14305: checking whether to build static libraries
configure:14309: result: yes
configure:14347: checking for non-MS-Windows ICC
configure:14365: gcc -c -g -O2  -I/d/a/GCC/GCC/gmp-6.3.0/include conftest.c >&5
conftest.c:22:3: error: #error "Not a non-MS-Windows ICC"
   22 | # error "Not a non-MS-Windows ICC"
      |   ^~~~~
conftest.c:23:6: error: expected ';' before 'int'
   23 | error
      |      ^
      |      ;
......
   26 | int
      | ~~~   
configure:14365: $? = 1
configure: failed program was:
| /* confdefs.h */
| #define PACKAGE_NAME "MPFR"
| #define PACKAGE_TARNAME "mpfr"
| #define PACKAGE_VERSION "4.2.1"
| #define PACKAGE_STRING "MPFR 4.2.1"
| #define PACKAGE_BUGREPORT ""
| #define PACKAGE_URL ""
| #define HAVE_STDIO_H 1
| #define HAVE_STDLIB_H 1
| #define HAVE_STRING_H 1
| #define HAVE_INTTYPES_H 1
| #define HAVE_STDINT_H 1
| #define HAVE_STRINGS_H 1
| #define HAVE_SYS_STAT_H 1
| #define HAVE_SYS_TYPES_H 1
| #define HAVE_UNISTD_H 1
| #define STDC_HEADERS 1
| #define LT_OBJDIR ".libs/"
| /* end confdefs.h.  */
| 
| #if (!defined(__ICC) && !defined(__INTEL_COMPILER)) || defined(_WIN32)
| # error "Not a non-MS-Windows ICC"
| error
| #endif
| 
| int
| main (void)
| {
| 
|   ;
|   return 0;
| }
configure:14373: result: no
configure:14380: checking whether the selected language is C++
configure:14398: gcc -c -Wpointer-arith -g -O2  -I/d/a/GCC/GCC/gmp-6.3.0/include conftest.c >&5
configure:14398: $? = 0
configure:14401: result: no
configure:14420: using CFLAGS="-Wall -Wmissing-prototypes -Wc++-compat -Wpointer-arith -g -O2"
configure:14461: checking for an ANSI C-conforming const
configure:14528: gcc -c -Wall -Wmissing-prototypes -Wc++-compat -Wpointer-arith -g -O2  -I/d/a/GCC/GCC/gmp-6.3.0/include conftest.c >&5
configure:14528: $? = 0
configure:14536: result: yes
configure:14544: checking for working volatile
configure:14564: gcc -c -Wall -Wmissing-prototypes -Wc++-compat -Wpointer-arith -g -O2  -I/d/a/GCC/GCC/gmp-6.3.0/include conftest.c >&5
configure:14564: $? = 0
configure:14572: result: yes
configure:14580: checking whether byte ordering is bigendian
configure:14596: gcc -c -Wall -Wmissing-prototypes -Wc++-compat -Wpointer-arith -g -O2  -I/d/a/GCC/GCC/gmp-6.3.0/include conftest.c >&5
conftest.c:21:16: warning: identifier "not" is a special operator name in C++ [-Wc++-compat]
   21 |                not a universal capable compiler
      |                ^
conftest.c:21:16: error: unknown type name 'not'
   21 |                not a universal capable compiler
      |                ^~~
conftest.c:21:22: error: expected '=', ',', ';', 'asm' or '__attribute__' before 'universal'
   21 |                not a universal capable compiler
      |                      ^~~~~~~~~
conftest.c:21:22: error: unknown type name 'universal'
configure:14596: $? = 1
configure: failed program was:
| /* confdefs.h */
| #define PACKAGE_NAME "MPFR"
| #define PACKAGE_TARNAME "mpfr"
| #define PACKAGE_VERSION "4.2.1"
| #define PACKAGE_STRING "MPFR 4.2.1"
| #define PACKAGE_BUGREPORT ""
| #define PACKAGE_URL ""
| #define HAVE_STDIO_H 1
| #define HAVE_STDLIB_H 1
| #define HAVE_STRING_H 1
| #define HAVE_INTTYPES_H 1
| #define HAVE_STDINT_H 1
| #define HAVE_STRINGS_H 1
| #define HAVE_SYS_STAT_H 1
| #define HAVE_SYS_TYPES_H 1
| #define HAVE_UNISTD_H 1
| #define STDC_HEADERS 1
| #define LT_OBJDIR ".libs/"
| /* end confdefs.h.  */
| #ifndef __APPLE_CC__
| 	       not a universal capable compiler
| 	     #endif
| 	     typedef int dummy;
| 
configure:14642: gcc -c -Wall -Wmissing-prototypes -Wc++-compat -Wpointer-arith -g -O2  -I/d/a/GCC/GCC/gmp-6.3.0/include conftest.c >&5
configure:14642: $? = 0
configure:14661: gcc -c -Wall -Wmissing-prototypes -Wc++-compat -Wpointer-arith -g -O2  -I/d/a/GCC/GCC/gmp-6.3.0/include conftest.c >&5
conftest.c: In function 'main':
conftest.c:27:18: warning: identifier "not" is a special operator name in C++ [-Wc++-compat]
   27 |                  not big endian
      |                  ^
conftest.c:27:18: error: unknown type name 'not'; did you mean 'ino_t'?
   27 |                  not big endian
      |                  ^~~
      |                  ino_t
conftest.c:27:26: error: expected '=', ',', ';', 'asm' or '__attribute__' before 'endian'
   27 |                  not big endian
      |                          ^~~~~~
configure:14661: $? = 1
configure: failed program was:
| /* confdefs.h */
| #define PACKAGE_NAME "MPFR"
| #define PACKAGE_TARNAME "mpfr"
| #define PACKAGE_VERSION "4.2.1"
| #define PACKAGE_STRING "MPFR 4.2.1"
| #define PACKAGE_BUGREPORT ""
| #define PACKAGE_URL ""
| #define HAVE_STDIO_H 1
| #define HAVE_STDLIB_H 1
| #define HAVE_STRING_H 1
| #define HAVE_INTTYPES_H 1
| #define HAVE_STDINT_H 1
| #define HAVE_STRINGS_H 1
| #define HAVE_SYS_STAT_H 1
| #define HAVE_SYS_TYPES_H 1
| #define HAVE_UNISTD_H 1
| #define STDC_HEADERS 1
| #define LT_OBJDIR ".libs/"
| /* end confdefs.h.  */
| #include <sys/types.h>
| 		#include <sys/param.h>
| 
| int
| main (void)
| {
| #if BYTE_ORDER != BIG_ENDIAN
| 		 not big endian
| 		#endif
| 
|   ;
|   return 0;
| }
configure:14795: result: no
configure:14818: checking for library containing clock_gettime
configure:14851: gcc -o conftest.exe -Wall -Wmissing-prototypes -Wc++-compat -Wpointer-arith -g -O2  -I/d/a/GCC/GCC/gmp-6.3.0/include  -L/d/a/GCC/GCC/gmp-6.3.0/lib conftest.c  >&5
configure:14851: $? = 0
configure:14871: result: none required
configure:15064: gcc -o conftest.exe -Wall -Wmissing-prototypes -Wc++-compat -Wpointer-arith -g -O2  -I/d/a/GCC/GCC/gmp-6.3.0/include  -L/d/a/GCC/GCC/gmp-6.3.0/lib conftest.c -lm  >&5
configure:15064: $? = 0
configure:15094: gcc -o conftest.exe -Wall -Wmissing-prototypes -Wc++-compat -Wpointer-arith -g -O2  -I/d/a/GCC/GCC/gmp-6.3.0/include  -L/d/a/GCC/GCC/gmp-6.3.0/lib conftest.c -lquadmath  >&5
configure:15094: $? = 0
configure:15106: checking for size_t
configure:15106: gcc -c -Wall -Wmissing-prototypes -Wc++-compat -Wpointer-arith -g -O2  -I/d/a/GCC/GCC/gmp-6.3.0/include conftest.c >&5
configure:15106: $? = 0
configure:15106: gcc -c -Wall -Wmissing-prototypes -Wc++-compat -Wpointer-arith -g -O2  -I/d/a/GCC/GCC/gmp-6.3.0/include conftest.c >&5
conftest.c: In function 'main':
conftest.c:53:21: error: expected expression before ')' token
   53 | if (sizeof ((size_t)))
      |                     ^
configure:15106: $? = 1
configure: failed program was:
| /* confdefs.h */
| #define PACKAGE_NAME "MPFR"
| #define PACKAGE_TARNAME "mpfr"
| #define PACKAGE_VERSION "4.2.1"
| #define PACKAGE_STRING "MPFR 4.2.1"
| #define PACKAGE_BUGREPORT ""
| #define PACKAGE_URL ""
| #define HAVE_STDIO_H 1
| #define HAVE_STDLIB_H 1
| #define HAVE_STRING_H 1
| #define HAVE_INTTYPES_H 1
| #define HAVE_STDINT_H 1
| #define HAVE_STRINGS_H 1
| #define HAVE_SYS_STAT_H 1
| #define HAVE_SYS_TYPES_H 1
| #define HAVE_UNISTD_H 1
| #define STDC_HEADERS 1
| #define LT_OBJDIR ".libs/"
| #define HAVE_LITTLE_ENDIAN 1
| #define HAVE_CLOCK_GETTIME 1
| /* end confdefs.h.  */
| #include <stddef.h>
| #ifdef HAVE_STDIO_H
| # include <stdio.h>
| #endif
| #ifdef HAVE_STDLIB_H
| # include <stdlib.h>
| #endif
| #ifdef HAVE_STRING_H
| # include <string.h>
| #endif
| #ifdef HAVE_INTTYPES_H
| # include <inttypes.h>
| #endif
| #ifdef HAVE_STDINT_H
| # include <stdint.h>
| #endif
| #ifdef HAVE_STRINGS_H
| # include <strings.h>
| #endif
| #ifdef HAVE_SYS_TYPES_H
| # include <sys/types.h>
| #endif
| #ifdef HAVE_SYS_STAT_H
| # include <sys/stat.h>
| #endif
| #ifdef HAVE_UNISTD_H
| # include <unistd.h>
| #endif
| int
| main (void)
| {
| if (sizeof ((size_t)))
| 	    return 0;
|   ;
|   return 0;
| }
configure:15106: result: yes
configure:16002: checking for limits.h
configure:16002: gcc -c -Wall -Wmissing-prototypes -Wc++-compat -Wpointer-arith -g -O2  -I/d/a/GCC/GCC/gmp-6.3.0/include conftest.c >&5
configure:16002: $? = 0
configure:16002: result: yes
configure:16010: checking for float.h
configure:16010: gcc -c -Wall -Wmissing-prototypes -Wc++-compat -Wpointer-arith -g -O2  -I/d/a/GCC/GCC/gmp-6.3.0/include conftest.c >&5
configure:16010: $? = 0
configure:16010: result: yes
configure:16018: checking for string.h
configure:16018: result: yes
configure:16027: checking for locale.h
configure:16027: gcc -c -Wall -Wmissing-prototypes -Wc++-compat -Wpointer-arith -g -O2  -I/d/a/GCC/GCC/gmp-6.3.0/include conftest.c >&5
configure:16027: $? = 0
configure:16027: result: yes
configure:16035: checking for wchar.h
configure:16035: gcc -c -Wall -Wmissing-prototypes -Wc++-compat -Wpointer-arith -g -O2  -I/d/a/GCC/GCC/gmp-6.3.0/include conftest.c >&5
configure:16035: $? = 0
configure:16035: result: yes
configure:16043: checking for stdarg.h
configure:16043: gcc -c -Wall -Wmissing-prototypes -Wc++-compat -Wpointer-arith -g -O2  -I/d/a/GCC/GCC/gmp-6.3.0/include conftest.c >&5
configure:16043: $? = 0
configure:16043: result: yes
configure:16061: checking for sys/fpu.h
configure:16061: gcc -c -Wall -Wmissing-prototypes -Wc++-compat -Wpointer-arith -g -O2  -I/d/a/GCC/GCC/gmp-6.3.0/include conftest.c >&5
conftest.c:53:10: fatal error: sys/fpu.h: No such file or directory
   53 | #include <sys/fpu.h>
      |          ^~~~~~~~~~~
compilation terminated.
configure:16061: $? = 1
configure: failed program was:
| /* confdefs.h */
| #define PACKAGE_NAME "MPFR"
| #define PACKAGE_TARNAME "mpfr"
| #define PACKAGE_VERSION "4.2.1"
| #define PACKAGE_STRING "MPFR 4.2.1"
| #define PACKAGE_BUGREPORT ""
| #define PACKAGE_URL ""
| #define HAVE_STDIO_H 1
| #define HAVE_STDLIB_H 1
| #define HAVE_STRING_H 1
| #define HAVE_INTTYPES_H 1
| #define HAVE_STDINT_H 1
| #define HAVE_STRINGS_H 1
| #define HAVE_SYS_STAT_H 1
| #define HAVE_SYS_TYPES_H 1
| #define HAVE_UNISTD_H 1
| #define STDC_HEADERS 1
| #define LT_OBJDIR ".libs/"
| #define HAVE_LITTLE_ENDIAN 1
| #define HAVE_CLOCK_GETTIME 1
| #define HAVE_LOCALE_H 1
| #define HAVE_WCHAR_H 1
| #define HAVE_STDARG 1
| /* end confdefs.h.  */
| #include <stddef.h>
| #ifdef HAVE_STDIO_H
| # include <stdio.h>
| #endif
| #ifdef HAVE_STDLIB_H
| # include <stdlib.h>
| #endif
| #ifdef HAVE_STRING_H
| # include <string.h>
| #endif
| #ifdef HAVE_INTTYPES_H
| # include <inttypes.h>
| #endif
| #ifdef HAVE_STDINT_H
| # include <stdint.h>
| #endif
| #ifdef HAVE_STRINGS_H
| # include <strings.h>
| #endif
| #ifdef HAVE_SYS_TYPES_H
| # include <sys/types.h>
| #endif
| #ifdef HAVE_SYS_STAT_H
| # include <sys/stat.h>
| #endif
| #ifdef HAVE_UNISTD_H
| # include <unistd.h>
| #endif
| #include <sys/fpu.h>
configure:16061: result: no
configure:16069: checking for struct lconv.decimal_point
configure:16069: gcc -c -Wall -Wmissing-prototypes -Wc++-compat -Wpointer-arith -g -O2  -I/d/a/GCC/GCC/gmp-6.3.0/include conftest.c >&5
configure:16069: $? = 0
configure:16069: result: yes
configure:16078: checking for struct lconv.thousands_sep
configure:16078: gcc -c -Wall -Wmissing-prototypes -Wc++-compat -Wpointer-arith -g -O2  -I/d/a/GCC/GCC/gmp-6.3.0/include conftest.c >&5
configure:16078: $? = 0
configure:16078: result: yes
configure:16091: checking for working alloca.h
configure:16109: gcc -o conftest.exe -Wall -Wmissing-prototypes -Wc++-compat -Wpointer-arith -g -O2  -I/d/a/GCC/GCC/gmp-6.3.0/include  -L/d/a/GCC/GCC/gmp-6.3.0/lib conftest.c  >&5
conftest.c:27:10: fatal error: alloca.h: No such file or directory
   27 | #include <alloca.h>
      |          ^~~~~~~~~~
compilation terminated.
configure:16109: $? = 1
configure: failed program was:
| /* confdefs.h */
| #define PACKAGE_NAME "MPFR"
| #define PACKAGE_TARNAME "mpfr"
| #define PACKAGE_VERSION "4.2.1"
| #define PACKAGE_STRING "MPFR 4.2.1"
| #define PACKAGE_BUGREPORT ""
| #define PACKAGE_URL ""
| #define HAVE_STDIO_H 1
| #define HAVE_STDLIB_H 1
| #define HAVE_STRING_H 1
| #define HAVE_INTTYPES_H 1
| #define HAVE_STDINT_H 1
| #define HAVE_STRINGS_H 1
| #define HAVE_SYS_STAT_H 1
| #define HAVE_SYS_TYPES_H 1
| #define HAVE_UNISTD_H 1
| #define STDC_HEADERS 1
| #define LT_OBJDIR ".libs/"
| #define HAVE_LITTLE_ENDIAN 1
| #define HAVE_CLOCK_GETTIME 1
| #define HAVE_LOCALE_H 1
| #define HAVE_WCHAR_H 1
| #define HAVE_STDARG 1
| #define HAVE_STRUCT_LCONV_DECIMAL_POINT 1
| #define HAVE_STRUCT_LCONV_THOUSANDS_SEP 1
| /* end confdefs.h.  */
| #include <alloca.h>
| int
| main (void)
| {
| char *p = (char *) alloca (2 * sizeof (int));
| 			  if (p) return 0;
|   ;
|   return 0;
| }
configure:16118: result: no
configure:16126: checking for alloca
configure:16162: gcc -o conftest.exe -Wall -Wmissing-prototypes -Wc++-compat -Wpointer-arith -g -O2  -I/d/a/GCC/GCC/gmp-6.3.0/include  -L/d/a/GCC/GCC/gmp-6.3.0/lib conftest.c  >&5
configure:16162: $? = 0
configure:16171: result: yes
configure:16240: checking for uintptr_t
configure:16240: gcc -c -Wall -Wmissing-prototypes -Wc++-compat -Wpointer-arith -g -O2  -I/d/a/GCC/GCC/gmp-6.3.0/include conftest.c >&5
configure:16240: $? = 0
configure:16240: gcc -c -Wall -Wmissing-prototypes -Wc++-compat -Wpointer-arith -g -O2  -I/d/a/GCC/GCC/gmp-6.3.0/include conftest.c >&5
conftest.c: In function 'main':
conftest.c:59:24: error: expected expression before ')' token
   59 | if (sizeof ((uintptr_t)))
      |                        ^
configure:16240: $? = 1
configure: failed program was:
| /* confdefs.h */
| #define PACKAGE_NAME "MPFR"
| #define PACKAGE_TARNAME "mpfr"
| #define PACKAGE_VERSION "4.2.1"
| #define PACKAGE_STRING "MPFR 4.2.1"
| #define PACKAGE_BUGREPORT ""
| #define PACKAGE_URL ""
| #define HAVE_STDIO_H 1
| #define HAVE_STDLIB_H 1
| #define HAVE_STRING_H 1
| #define HAVE_INTTYPES_H 1
| #define HAVE_STDINT_H 1
| #define HAVE_STRINGS_H 1
| #define HAVE_SYS_STAT_H 1
| #define HAVE_SYS_TYPES_H 1
| #define HAVE_UNISTD_H 1
| #define STDC_HEADERS 1
| #define LT_OBJDIR ".libs/"
| #define HAVE_LITTLE_ENDIAN 1
| #define HAVE_CLOCK_GETTIME 1
| #define HAVE_LOCALE_H 1
| #define HAVE_WCHAR_H 1
| #define HAVE_STDARG 1
| #define HAVE_STRUCT_LCONV_DECIMAL_POINT 1
| #define HAVE_STRUCT_LCONV_THOUSANDS_SEP 1
| #define HAVE_ALLOCA 1
| /* end confdefs.h.  */
| #include <stddef.h>
| #ifdef HAVE_STDIO_H
| # include <stdio.h>
| #endif
| #ifdef HAVE_STDLIB_H
| # include <stdlib.h>
| #endif
| #ifdef HAVE_STRING_H
| # include <string.h>
| #endif
| #ifdef HAVE_INTTYPES_H
| # include <inttypes.h>
| #endif
| #ifdef HAVE_STDINT_H
| # include <stdint.h>
| #endif
| #ifdef HAVE_STRINGS_H
| # include <strings.h>
| #endif
| #ifdef HAVE_SYS_TYPES_H
| # include <sys/types.h>
| #endif
| #ifdef HAVE_SYS_STAT_H
| # include <sys/stat.h>
| #endif
| #ifdef HAVE_UNISTD_H
| # include <unistd.h>
| #endif
| int
| main (void)
| {
| if (sizeof ((uintptr_t)))
| 	    return 0;
|   ;
|   return 0;
| }
configure:16240: result: yes
configure:16277: checking how to copy va_list
configure:16295: gcc -o conftest.exe -Wall -Wmissing-prototypes -Wc++-compat -Wpointer-arith -g -O2  -I/d/a/GCC/GCC/gmp-6.3.0/include  -L/d/a/GCC/GCC/gmp-6.3.0/lib conftest.c  >&5
configure:16295: $? = 0
configure:16298: result: va_copy
configure:16337: checking for setlocale
configure:16337: gcc -o conftest.exe  -Wall -Wmissing-prototypes -Wc++-compat -Wpointer-arith -g -O2  -I/d/a/GCC/GCC/gmp-6.3.0/include  -L/d/a/GCC/GCC/gmp-6.3.0/lib conftest.c  >&5
configure:16337: $? = 0
configure:16337: result: yes
configure:16343: checking for gettimeofday
configure:16343: gcc -o conftest.exe  -Wall -Wmissing-prototypes -Wc++-compat -Wpointer-arith -g -O2  -I/d/a/GCC/GCC/gmp-6.3.0/include  -L/d/a/GCC/GCC/gmp-6.3.0/lib conftest.c  >&5
configure:16343: $? = 0
configure:16343: result: yes
configure:16349: checking for signal
configure:16349: gcc -o conftest.exe  -Wall -Wmissing-prototypes -Wc++-compat -Wpointer-arith -g -O2  -I/d/a/GCC/GCC/gmp-6.3.0/include  -L/d/a/GCC/GCC/gmp-6.3.0/lib conftest.c  >&5
configure:16349: $? = 0
configure:16349: result: yes
configure:16358: checking for sigaction and its associated structure
configure:16377: gcc -o conftest.exe -Wall -Wmissing-prototypes -Wc++-compat -Wpointer-arith -g -O2  -I/d/a/GCC/GCC/gmp-6.3.0/include  -L/d/a/GCC/GCC/gmp-6.3.0/lib conftest.c  >&5
conftest.c:35:45: warning: 'struct sigaction' declared inside parameter list will not be visible outside of this definition or declaration
   35 | static int f (int (*func)(int, const struct sigaction *, struct sigaction *))
      |                                             ^~~~~~~~~
conftest.c: In function 'main':
conftest.c:42:11: error: 'sigaction' undeclared (first use in this function)
   42 |  return f(sigaction);
      |           ^~~~~~~~~
conftest.c:42:11: note: each undeclared identifier is reported only once for each function it appears in
configure:16377: $? = 1
configure: failed program was:
| /* confdefs.h */
| #define PACKAGE_NAME "MPFR"
| #define PACKAGE_TARNAME "mpfr"
| #define PACKAGE_VERSION "4.2.1"
| #define PACKAGE_STRING "MPFR 4.2.1"
| #define PACKAGE_BUGREPORT ""
| #define PACKAGE_URL ""
| #define HAVE_STDIO_H 1
| #define HAVE_STDLIB_H 1
| #define HAVE_STRING_H 1
| #define HAVE_INTTYPES_H 1
| #define HAVE_STDINT_H 1
| #define HAVE_STRINGS_H 1
| #define HAVE_SYS_STAT_H 1
| #define HAVE_SYS_TYPES_H 1
| #define HAVE_UNISTD_H 1
| #define STDC_HEADERS 1
| #define LT_OBJDIR ".libs/"
| #define HAVE_LITTLE_ENDIAN 1
| #define HAVE_CLOCK_GETTIME 1
| #define HAVE_LOCALE_H 1
| #define HAVE_WCHAR_H 1
| #define HAVE_STDARG 1
| #define HAVE_STRUCT_LCONV_DECIMAL_POINT 1
| #define HAVE_STRUCT_LCONV_THOUSANDS_SEP 1
| #define HAVE_ALLOCA 1
| #define HAVE_UINTPTR_T 1
| #define HAVE_VA_COPY 1
| #define HAVE_SETLOCALE 1
| #define HAVE_GETTIMEOFDAY 1
| #define HAVE_SIGNAL 1
| /* end confdefs.h.  */
| 
| #include <signal.h>
| static int f (int (*func)(int, const struct sigaction *, struct sigaction *))
| { return 0; }
| 
| int
| main (void)
| {
| 
|  return f(sigaction);
| 
|   ;
|   return 0;
| }
configure:16387: result: no
configure:16393: checking for long long int
configure:16393: gcc -c -Wall -Wmissing-prototypes -Wc++-compat -Wpointer-arith -g -O2  -I/d/a/GCC/GCC/gmp-6.3.0/include conftest.c >&5
configure:16393: $? = 0
configure:16393: gcc -c -Wall -Wmissing-prototypes -Wc++-compat -Wpointer-arith -g -O2  -I/d/a/GCC/GCC/gmp-6.3.0/include conftest.c >&5
conftest.c: In function 'main':
conftest.c:64:28: error: expected expression before ')' token
   64 | if (sizeof ((long long int)))
      |                            ^
configure:16393: $? = 1
configure: failed program was:
| /* confdefs.h */
| #define PACKAGE_NAME "MPFR"
| #define PACKAGE_TARNAME "mpfr"
| #define PACKAGE_VERSION "4.2.1"
| #define PACKAGE_STRING "MPFR 4.2.1"
| #define PACKAGE_BUGREPORT ""
| #define PACKAGE_URL ""
| #define HAVE_STDIO_H 1
| #define HAVE_STDLIB_H 1
| #define HAVE_STRING_H 1
| #define HAVE_INTTYPES_H 1
| #define HAVE_STDINT_H 1
| #define HAVE_STRINGS_H 1
| #define HAVE_SYS_STAT_H 1
| #define HAVE_SYS_TYPES_H 1
| #define HAVE_UNISTD_H 1
| #define STDC_HEADERS 1
| #define LT_OBJDIR ".libs/"
| #define HAVE_LITTLE_ENDIAN 1
| #define HAVE_CLOCK_GETTIME 1
| #define HAVE_LOCALE_H 1
| #define HAVE_WCHAR_H 1
| #define HAVE_STDARG 1
| #define HAVE_STRUCT_LCONV_DECIMAL_POINT 1
| #define HAVE_STRUCT_LCONV_THOUSANDS_SEP 1
| #define HAVE_ALLOCA 1
| #define HAVE_UINTPTR_T 1
| #define HAVE_VA_COPY 1
| #define HAVE_SETLOCALE 1
| #define HAVE_GETTIMEOFDAY 1
| #define HAVE_SIGNAL 1
| /* end confdefs.h.  */
| #include <stddef.h>
| #ifdef HAVE_STDIO_H
| # include <stdio.h>
| #endif
| #ifdef HAVE_STDLIB_H
| # include <stdlib.h>
| #endif
| #ifdef HAVE_STRING_H
| # include <string.h>
| #endif
| #ifdef HAVE_INTTYPES_H
| # include <inttypes.h>
| #endif
| #ifdef HAVE_STDINT_H
| # include <stdint.h>
| #endif
| #ifdef HAVE_STRINGS_H
| # include <strings.h>
| #endif
| #ifdef HAVE_SYS_TYPES_H
| # include <sys/types.h>
| #endif
| #ifdef HAVE_SYS_STAT_H
| # include <sys/stat.h>
| #endif
| #ifdef HAVE_UNISTD_H
| # include <unistd.h>
| #endif
| int
| main (void)
| {
| if (sizeof ((long long int)))
| 	    return 0;
|   ;
|   return 0;
| }
configure:16393: result: yes
configure:16402: checking for intmax_t
configure:16402: gcc -c -Wall -Wmissing-prototypes -Wc++-compat -Wpointer-arith -g -O2  -I/d/a/GCC/GCC/gmp-6.3.0/include conftest.c >&5
configure:16402: $? = 0
configure:16402: gcc -c -Wall -Wmissing-prototypes -Wc++-compat -Wpointer-arith -g -O2  -I/d/a/GCC/GCC/gmp-6.3.0/include conftest.c >&5
conftest.c: In function 'main':
conftest.c:65:23: error: expected expression before ')' token
   65 | if (sizeof ((intmax_t)))
      |                       ^
configure:16402: $? = 1
configure: failed program was:
| /* confdefs.h */
| #define PACKAGE_NAME "MPFR"
| #define PACKAGE_TARNAME "mpfr"
| #define PACKAGE_VERSION "4.2.1"
| #define PACKAGE_STRING "MPFR 4.2.1"
| #define PACKAGE_BUGREPORT ""
| #define PACKAGE_URL ""
| #define HAVE_STDIO_H 1
| #define HAVE_STDLIB_H 1
| #define HAVE_STRING_H 1
| #define HAVE_INTTYPES_H 1
| #define HAVE_STDINT_H 1
| #define HAVE_STRINGS_H 1
| #define HAVE_SYS_STAT_H 1
| #define HAVE_SYS_TYPES_H 1
| #define HAVE_UNISTD_H 1
| #define STDC_HEADERS 1
| #define LT_OBJDIR ".libs/"
| #define HAVE_LITTLE_ENDIAN 1
| #define HAVE_CLOCK_GETTIME 1
| #define HAVE_LOCALE_H 1
| #define HAVE_WCHAR_H 1
| #define HAVE_STDARG 1
| #define HAVE_STRUCT_LCONV_DECIMAL_POINT 1
| #define HAVE_STRUCT_LCONV_THOUSANDS_SEP 1
| #define HAVE_ALLOCA 1
| #define HAVE_UINTPTR_T 1
| #define HAVE_VA_COPY 1
| #define HAVE_SETLOCALE 1
| #define HAVE_GETTIMEOFDAY 1
| #define HAVE_SIGNAL 1
| #define HAVE_LONG_LONG 1
| /* end confdefs.h.  */
| #include <stddef.h>
| #ifdef HAVE_STDIO_H
| # include <stdio.h>
| #endif
| #ifdef HAVE_STDLIB_H
| # include <stdlib.h>
| #endif
| #ifdef HAVE_STRING_H
| # include <string.h>
| #endif
| #ifdef HAVE_INTTYPES_H
| # include <inttypes.h>
| #endif
| #ifdef HAVE_STDINT_H
| # include <stdint.h>
| #endif
| #ifdef HAVE_STRINGS_H
| # include <strings.h>
| #endif
| #ifdef HAVE_SYS_TYPES_H
| # include <sys/types.h>
| #endif
| #ifdef HAVE_SYS_STAT_H
| # include <sys/stat.h>
| #endif
| #ifdef HAVE_UNISTD_H
| # include <unistd.h>
| #endif
| int
| main (void)
| {
| if (sizeof ((intmax_t)))
| 	    return 0;
|   ;
|   return 0;
| }
configure:16402: result: yes
configure:16412: checking for working INTMAX_MAX
configure:16433: gcc -c -Wall -Wmissing-prototypes -Wc++-compat -Wpointer-arith -g -O2  -I/d/a/GCC/GCC/gmp-6.3.0/include -I./src -DMPFR_NEED_INTMAX_H conftest.c >&5
configure:16433: $? = 0
configure:16443: result: yes
configure:16452: checking for union fpc_csr
configure:16452: gcc -c -Wall -Wmissing-prototypes -Wc++-compat -Wpointer-arith -g -O2  -I/d/a/GCC/GCC/gmp-6.3.0/include conftest.c >&5
conftest.c: In function 'main':
conftest.c:45:13: error: invalid application of 'sizeof' to incomplete type 'union fpc_csr'
   45 | if (sizeof (union fpc_csr))
      |             ^~~~~
configure:16452: $? = 1
configure: failed program was:
| /* confdefs.h */
| #define PACKAGE_NAME "MPFR"
| #define PACKAGE_TARNAME "mpfr"
| #define PACKAGE_VERSION "4.2.1"
| #define PACKAGE_STRING "MPFR 4.2.1"
| #define PACKAGE_BUGREPORT ""
| #define PACKAGE_URL ""
| #define HAVE_STDIO_H 1
| #define HAVE_STDLIB_H 1
| #define HAVE_STRING_H 1
| #define HAVE_INTTYPES_H 1
| #define HAVE_STDINT_H 1
| #define HAVE_STRINGS_H 1
| #define HAVE_SYS_STAT_H 1
| #define HAVE_SYS_TYPES_H 1
| #define HAVE_UNISTD_H 1
| #define STDC_HEADERS 1
| #define LT_OBJDIR ".libs/"
| #define HAVE_LITTLE_ENDIAN 1
| #define HAVE_CLOCK_GETTIME 1
| #define HAVE_LOCALE_H 1
| #define HAVE_WCHAR_H 1
| #define HAVE_STDARG 1
| #define HAVE_STRUCT_LCONV_DECIMAL_POINT 1
| #define HAVE_STRUCT_LCONV_THOUSANDS_SEP 1
| #define HAVE_ALLOCA 1
| #define HAVE_UINTPTR_T 1
| #define HAVE_VA_COPY 1
| #define HAVE_SETLOCALE 1
| #define HAVE_GETTIMEOFDAY 1
| #define HAVE_SIGNAL 1
| #define HAVE_LONG_LONG 1
| #define HAVE_INTMAX_T 1
| #define MPFR_HAVE_INTMAX_MAX 1
| /* end confdefs.h.  */
| 
| #if HAVE_SYS_FPU_H
| #  include <sys/fpu.h>
| #endif
| 
| 
| int
| main (void)
| {
| if (sizeof (union fpc_csr))
| 	 return 0;
|   ;
|   return 0;
| }
configure:16452: result: no
configure:16466: checking for _Noreturn
configure:16477: gcc -c -Wall -Wmissing-prototypes -Wc++-compat -Wpointer-arith -g -O2  -I/d/a/GCC/GCC/gmp-6.3.0/include conftest.c >&5
configure:16477: $? = 0
configure:16486: result: yes
configure:16494: checking for __builtin_unreachable
configure:16513: gcc -o conftest.exe -Wall -Wmissing-prototypes -Wc++-compat -Wpointer-arith -g -O2  -I/d/a/GCC/GCC/gmp-6.3.0/include  -L/d/a/GCC/GCC/gmp-6.3.0/lib conftest.c  >&5
configure:16513: $? = 0
configure:16523: result: yes
configure:16532: checking for constructor and destructor attributes
configure:16554: gcc -o conftest.exe -Wall -Wmissing-prototypes -Wc++-compat -Wpointer-arith -g -O2  -I/d/a/GCC/GCC/gmp-6.3.0/include  -L/d/a/GCC/GCC/gmp-6.3.0/lib conftest.c  >&5
configure:16554: $? = 0
configure:16556: result: yes
configure:16574: checking for fesetround
configure:16594: gcc -o conftest.exe -Wall -Wmissing-prototypes -Wc++-compat -Wpointer-arith -g -O2  -I/d/a/GCC/GCC/gmp-6.3.0/include  -L/d/a/GCC/GCC/gmp-6.3.0/lib conftest.c  -lm >&5
configure:16594: $? = 0
configure:16605: result: yes
configure:16614: checking for gcc float-conversion bug
configure:16656: gcc -o conftest.exe -Wall -Wmissing-prototypes -Wc++-compat -Wpointer-arith -g -O2  -I/d/a/GCC/GCC/gmp-6.3.0/include  -L/d/a/GCC/GCC/gmp-6.3.0/lib conftest.c  -lm >&5
configure:16656: $? = 0
configure:16656: ./conftest.exe
configure:16656: $? = 0
configure:16669: result: no
configure:16676: checking for subnormal double-precision numbers
configure:16699: gcc -o conftest.exe -Wall -Wmissing-prototypes -Wc++-compat -Wpointer-arith -g -O2  -I/d/a/GCC/GCC/gmp-6.3.0/include  -L/d/a/GCC/GCC/gmp-6.3.0/lib conftest.c  >&5
configure:16699: $? = 0
configure:16699: ./conftest.exe
1.112537e-308
configure:16699: $? = 0
configure:16711: result: yes
configure:16718: checking for subnormal single-precision numbers
configure:16741: gcc -o conftest.exe -Wall -Wmissing-prototypes -Wc++-compat -Wpointer-arith -g -O2  -I/d/a/GCC/GCC/gmp-6.3.0/include  -L/d/a/GCC/GCC/gmp-6.3.0/lib conftest.c  >&5
configure:16741: $? = 0
configure:16741: ./conftest.exe
5.877472e-39
configure:16741: $? = 0
configure:16753: result: yes
configure:16761: checking for signed zeros
configure:16780: gcc -o conftest.exe -Wall -Wmissing-prototypes -Wc++-compat -Wpointer-arith -g -O2  -I/d/a/GCC/GCC/gmp-6.3.0/include  -L/d/a/GCC/GCC/gmp-6.3.0/lib conftest.c  >&5
configure:16780: $? = 0
configure:16780: ./conftest.exe
configure:16780: $? = 0
configure:16792: result: yes
configure:16800: checking if the FP division by 0 fails
configure:16823: gcc -o conftest.exe -Wall -Wmissing-prototypes -Wc++-compat -Wpointer-arith -g -O2  -I/d/a/GCC/GCC/gmp-6.3.0/include  -L/d/a/GCC/GCC/gmp-6.3.0/lib conftest.c  >&5
configure:16823: $? = 0
configure:16823: ./conftest.exe
configure:16823: $? = 0
configure:16835: result: no
configure:16849: checking if NAN == NAN
configure:16875: gcc -o conftest.exe -Wall -Wmissing-prototypes -Wc++-compat -Wpointer-arith -g -O2  -I/d/a/GCC/GCC/gmp-6.3.0/include  -L/d/a/GCC/GCC/gmp-6.3.0/lib conftest.c  >&5
configure:16875: $? = 0
configure:16875: ./conftest.exe
configure:16875: $? = 1
configure: program exited with status 1
configure: failed program was:
| /* confdefs.h */
| #define PACKAGE_NAME "MPFR"
| #define PACKAGE_TARNAME "mpfr"
| #define PACKAGE_VERSION "4.2.1"
| #define PACKAGE_STRING "MPFR 4.2.1"
| #define PACKAGE_BUGREPORT ""
| #define PACKAGE_URL ""
| #define HAVE_STDIO_H 1
| #define HAVE_STDLIB_H 1
| #define HAVE_STRING_H 1
| #define HAVE_INTTYPES_H 1
| #define HAVE_STDINT_H 1
| #define HAVE_STRINGS_H 1
| #define HAVE_SYS_STAT_H 1
| #define HAVE_SYS_TYPES_H 1
| #define HAVE_UNISTD_H 1
| #define STDC_HEADERS 1
| #define LT_OBJDIR ".libs/"
| #define HAVE_LITTLE_ENDIAN 1
| #define HAVE_CLOCK_GETTIME 1
| #define HAVE_LOCALE_H 1
| #define HAVE_WCHAR_H 1
| #define HAVE_STDARG 1
| #define HAVE_STRUCT_LCONV_DECIMAL_POINT 1
| #define HAVE_STRUCT_LCONV_THOUSANDS_SEP 1
| #define HAVE_ALLOCA 1
| #define HAVE_UINTPTR_T 1
| #define HAVE_VA_COPY 1
| #define HAVE_SETLOCALE 1
| #define HAVE_GETTIMEOFDAY 1
| #define HAVE_SIGNAL 1
| #define HAVE_LONG_LONG 1
| #define HAVE_INTMAX_T 1
| #define MPFR_HAVE_INTMAX_MAX 1
| #define MPFR_HAVE_NORETURN 1
| #define MPFR_HAVE_BUILTIN_UNREACHABLE 1
| #define MPFR_HAVE_CONSTRUCTOR_ATTR 1
| #define MPFR_HAVE_FESETROUND 1
| #define HAVE_SUBNORM_DBL 1
| #define HAVE_SUBNORM_FLT 1
| #define HAVE_SIGNEDZ 1
| /* end confdefs.h.  */
| 
| #include <stdio.h>
| #include <math.h>
| #ifndef NAN
| # define NAN (0.0/0.0)
| #endif
| int main (void) {
|   double d;
|   d = NAN;
|   return d != d;
| }
| 
configure:16887: result: no
configure:16915: checking if charset has consecutive values
configure:16946: gcc -o conftest.exe -Wall -Wmissing-prototypes -Wc++-compat -Wpointer-arith -g -O2  -I/d/a/GCC/GCC/gmp-6.3.0/include  -L/d/a/GCC/GCC/gmp-6.3.0/lib conftest.c  >&5
configure:16946: $? = 0
configure:16946: ./conftest.exe
configure:16946: $? = 0
configure:16948: result: yes
configure:16966: checking for math/round
configure:16984: gcc -o conftest.exe -Wall -Wmissing-prototypes -Wc++-compat -Wpointer-arith -g -O2  -I/d/a/GCC/GCC/gmp-6.3.0/include  -L/d/a/GCC/GCC/gmp-6.3.0/lib conftest.c  -lm >&5
configure:16984: $? = 0
configure:16987: result: yes
configure:17000: checking for math/trunc
configure:17018: gcc -o conftest.exe -Wall -Wmissing-prototypes -Wc++-compat -Wpointer-arith -g -O2  -I/d/a/GCC/GCC/gmp-6.3.0/include  -L/d/a/GCC/GCC/gmp-6.3.0/lib conftest.c  -lm >&5
configure:17018: $? = 0
configure:17021: result: yes
configure:17034: checking for math/floor
configure:17052: gcc -o conftest.exe -Wall -Wmissing-prototypes -Wc++-compat -Wpointer-arith -g -O2  -I/d/a/GCC/GCC/gmp-6.3.0/include  -L/d/a/GCC/GCC/gmp-6.3.0/lib conftest.c  -lm >&5
configure:17052: $? = 0
configure:17055: result: yes
configure:17068: checking for math/ceil
configure:17086: gcc -o conftest.exe -Wall -Wmissing-prototypes -Wc++-compat -Wpointer-arith -g -O2  -I/d/a/GCC/GCC/gmp-6.3.0/include  -L/d/a/GCC/GCC/gmp-6.3.0/lib conftest.c  -lm >&5
configure:17086: $? = 0
configure:17089: result: yes
configure:17102: checking for math/nearbyint
configure:17120: gcc -o conftest.exe -Wall -Wmissing-prototypes -Wc++-compat -Wpointer-arith -g -O2  -I/d/a/GCC/GCC/gmp-6.3.0/include  -L/d/a/GCC/GCC/gmp-6.3.0/lib conftest.c  -lm >&5
configure:17120: $? = 0
configure:17123: result: yes
configure:17141: checking format of floating-point type `double'
configure:17176: gcc -Wall -Wmissing-prototypes -Wc++-compat -Wpointer-arith -g -O2  -I/d/a/GCC/GCC/gmp-6.3.0/include  -L/d/a/GCC/GCC/gmp-6.3.0/lib conftest.c -o conftest.exe >&5 2>&1
configure:17179: $? = 0
configure:17473: result: IEEE double, little endian
configure:17495: checking format of floating-point type `long double'
configure:17530: gcc -Wall -Wmissing-prototypes -Wc++-compat -Wpointer-arith -g -O2  -I/d/a/GCC/GCC/gmp-6.3.0/include  -L/d/a/GCC/GCC/gmp-6.3.0/lib conftest.c -o conftest.exe >&5 2>&1
conftest.c: In function 'main':
conftest.c:22:19: warning: format '%Lf' expects argument of type 'double', but argument 3 has type 'long double' [-Wformat=]
   22 |     printf ("%d %Lf\n", foo.before[i] + foo.after[i], foo.x);
      |                 ~~^                                   ~~~~~
      |                   |                                      |
      |                   double                                 long double
configure:17533: $? = 0
configure:17827: result: IEEE extended, little endian (16 bytes)
configure:17883: checking for TLS support using C11
configure:17905: gcc -o conftest.exe -Wall -Wmissing-prototypes -Wc++-compat -Wpointer-arith -g -O2  -I/d/a/GCC/GCC/gmp-6.3.0/include -I./src  -L/d/a/GCC/GCC/gmp-6.3.0/lib conftest.c  >&5
configure:17905: $? = 0
configure:17905: ./conftest.exe
configure:17905: $? = 0
configure:17907: result: yes
configure:17988: checking if compiler knows _Decimal64
configure:18001: gcc -c -Wall -Wmissing-prototypes -Wc++-compat -Wpointer-arith -g -O2  -I/d/a/GCC/GCC/gmp-6.3.0/include conftest.c >&5
configure:18001: $? = 0
configure:18003: result: yes
configure:18005: checking decimal float format
configure:18033: gcc -o conftest.exe -Wall -Wmissing-prototypes -Wc++-compat -Wpointer-arith -g -O2  -I/d/a/GCC/GCC/gmp-6.3.0/include  -L/d/a/GCC/GCC/gmp-6.3.0/lib conftest.c  >&5
configure:18033: $? = 0
configure:18033: ./conftest.exe
configure:18033: $? = 81
configure: program exited with status 81
configure: failed program was:
| /* confdefs.h */
| #define PACKAGE_NAME "MPFR"
| #define PACKAGE_TARNAME "mpfr"
| #define PACKAGE_VERSION "4.2.1"
| #define PACKAGE_STRING "MPFR 4.2.1"
| #define PACKAGE_BUGREPORT ""
| #define PACKAGE_URL ""
| #define HAVE_STDIO_H 1
| #define HAVE_STDLIB_H 1
| #define HAVE_STRING_H 1
| #define HAVE_INTTYPES_H 1
| #define HAVE_STDINT_H 1
| #define HAVE_STRINGS_H 1
| #define HAVE_SYS_STAT_H 1
| #define HAVE_SYS_TYPES_H 1
| #define HAVE_UNISTD_H 1
| #define STDC_HEADERS 1
| #define LT_OBJDIR ".libs/"
| #define HAVE_LITTLE_ENDIAN 1
| #define HAVE_CLOCK_GETTIME 1
| #define HAVE_LOCALE_H 1
| #define HAVE_WCHAR_H 1
| #define HAVE_STDARG 1
| #define HAVE_STRUCT_LCONV_DECIMAL_POINT 1
| #define HAVE_STRUCT_LCONV_THOUSANDS_SEP 1
| #define HAVE_ALLOCA 1
| #define HAVE_UINTPTR_T 1
| #define HAVE_VA_COPY 1
| #define HAVE_SETLOCALE 1
| #define HAVE_GETTIMEOFDAY 1
| #define HAVE_SIGNAL 1
| #define HAVE_LONG_LONG 1
| #define HAVE_INTMAX_T 1
| #define MPFR_HAVE_INTMAX_MAX 1
| #define MPFR_HAVE_NORETURN 1
| #define MPFR_HAVE_BUILTIN_UNREACHABLE 1
| #define MPFR_HAVE_CONSTRUCTOR_ATTR 1
| #define MPFR_HAVE_FESETROUND 1
| #define HAVE_SUBNORM_DBL 1
| #define HAVE_SUBNORM_FLT 1
| #define HAVE_SIGNEDZ 1
| #define HAVE_ROUND 1
| #define HAVE_TRUNC 1
| #define HAVE_FLOOR 1
| #define HAVE_CEIL 1
| #define HAVE_NEARBYINT 1
| #define HAVE_DOUBLE_IEEE_LITTLE_ENDIAN 1
| #define HAVE_LDOUBLE_IEEE_EXT_LITTLE 1
| #define MPFR_USE_THREAD_SAFE 1
| #define MPFR_USE_C11_THREAD_SAFE 1
| /* end confdefs.h.  */
| 
| #include <stdlib.h>
| 
| int
| main (void)
| {
| 
| volatile _Decimal64 x = 1;
| union { double d; _Decimal64 d64; } y;
| if (x != x) return 83;
| y.d64 = 1234567890123456.0dd;
| return y.d == 0.14894469406741037E-123 ? 80 :
|        y.d == 0.59075095508629822E-68  ? 81 : 82;
| 
|   ;
|   return 0;
| }
configure:18052: result: BID
configure:18126: checking bit-field ordering for _Decimal128
configure:18169: gcc -o conftest.exe -Wall -Wmissing-prototypes -Wc++-compat -Wpointer-arith -g -O2  -I/d/a/GCC/GCC/gmp-6.3.0/include  -L/d/a/GCC/GCC/gmp-6.3.0/lib conftest.c  >&5
configure:18169: $? = 0
configure:18169: ./conftest.exe
configure:18169: $? = 80
configure: program exited with status 80
configure: failed program was:
| /* confdefs.h */
| #define PACKAGE_NAME "MPFR"
| #define PACKAGE_TARNAME "mpfr"
| #define PACKAGE_VERSION "4.2.1"
| #define PACKAGE_STRING "MPFR 4.2.1"
| #define PACKAGE_BUGREPORT ""
| #define PACKAGE_URL ""
| #define HAVE_STDIO_H 1
| #define HAVE_STDLIB_H 1
| #define HAVE_STRING_H 1
| #define HAVE_INTTYPES_H 1
| #define HAVE_STDINT_H 1
| #define HAVE_STRINGS_H 1
| #define HAVE_SYS_STAT_H 1
| #define HAVE_SYS_TYPES_H 1
| #define HAVE_UNISTD_H 1
| #define STDC_HEADERS 1
| #define LT_OBJDIR ".libs/"
| #define HAVE_LITTLE_ENDIAN 1
| #define HAVE_CLOCK_GETTIME 1
| #define HAVE_LOCALE_H 1
| #define HAVE_WCHAR_H 1
| #define HAVE_STDARG 1
| #define HAVE_STRUCT_LCONV_DECIMAL_POINT 1
| #define HAVE_STRUCT_LCONV_THOUSANDS_SEP 1
| #define HAVE_ALLOCA 1
| #define HAVE_UINTPTR_T 1
| #define HAVE_VA_COPY 1
| #define HAVE_SETLOCALE 1
| #define HAVE_GETTIMEOFDAY 1
| #define HAVE_SIGNAL 1
| #define HAVE_LONG_LONG 1
| #define HAVE_INTMAX_T 1
| #define MPFR_HAVE_INTMAX_MAX 1
| #define MPFR_HAVE_NORETURN 1
| #define MPFR_HAVE_BUILTIN_UNREACHABLE 1
| #define MPFR_HAVE_CONSTRUCTOR_ATTR 1
| #define MPFR_HAVE_FESETROUND 1
| #define HAVE_SUBNORM_DBL 1
| #define HAVE_SUBNORM_FLT 1
| #define HAVE_SIGNEDZ 1
| #define HAVE_ROUND 1
| #define HAVE_TRUNC 1
| #define HAVE_FLOOR 1
| #define HAVE_CEIL 1
| #define HAVE_NEARBYINT 1
| #define HAVE_DOUBLE_IEEE_LITTLE_ENDIAN 1
| #define HAVE_LDOUBLE_IEEE_EXT_LITTLE 1
| #define MPFR_USE_THREAD_SAFE 1
| #define MPFR_USE_C11_THREAD_SAFE 1
| #define MPFR_WANT_DECIMAL_FLOATS 1
| #define DECIMAL_BID_FORMAT 1
| /* end confdefs.h.  */
| 
| 
| int
| main (void)
| {
| 
|     union ieee_decimal128
|     {
|       struct
|       {
|         unsigned int t3:32;
|         unsigned int t2:32;
|         unsigned int t1:32;
|         unsigned int t0:14;
|         unsigned int comb:17;
|         unsigned int sig:1;
|       } s;
|       _Decimal128 d128;
|     } x;
| 
|     x.d128 = 1.0dl;
|     if (x.s.sig == 0 && x.s.comb == 49400 &&
|         x.s.t0 == 0 && x.s.t1 == 0 && x.s.t2 == 0 && x.s.t3 == 10)
|        return 80; /* little endian */
|     else if (x.s.sig == 0 && x.s.comb == 8 &&
|              x.s.t0 == 0 && x.s.t1 == 0 && x.s.t2 == 0 && x.s.t3 == 570933248)
|        return 81; /* big endian */
|     else
|        return 82; /* unknown encoding */
| 
|   ;
|   return 0;
| }
configure:18176: result: little endian
configure:18197: checking if _Float128 with hex constants is supported
configure:18213: gcc -o conftest.exe -Wall -Wmissing-prototypes -Wc++-compat -Wpointer-arith -g -O2  -I/d/a/GCC/GCC/gmp-6.3.0/include  -L/d/a/GCC/GCC/gmp-6.3.0/lib conftest.c  >&5
configure:18213: $? = 0
configure:18215: result: yes
configure:18267: checking for Static Assertion support
configure:18288: gcc -c -Wall -Wmissing-prototypes -Wc++-compat -Wpointer-arith -g -O2  -I/d/a/GCC/GCC/gmp-6.3.0/include -I./src conftest.c >&5
configure:18288: $? = 0
configure:18290: result: yes
configure:18446: checking whether gcc __attribute__ ((mode (XX))) works
configure:18463: gcc -c -Wall -Wmissing-prototypes -Wc++-compat -Wpointer-arith -g -O2  -I/d/a/GCC/GCC/gmp-6.3.0/include conftest.c >&5
configure:18463: $? = 0
configure:18472: result: yes
configure:18486: checking for gmp.h
configure:18494: gcc -c -Wall -Wmissing-prototypes -Wc++-compat -Wpointer-arith -g -O2  -I/d/a/GCC/GCC/gmp-6.3.0/include conftest.c >&5
conftest.c:59:10: fatal error: gmp.h: No such file or directory
   59 | #include "gmp.h"
      |          ^~~~~~~
compilation terminated.
configure:18494: $? = 1
configure: failed program was:
| /* confdefs.h */
| #define PACKAGE_NAME "MPFR"
| #define PACKAGE_TARNAME "mpfr"
| #define PACKAGE_VERSION "4.2.1"
| #define PACKAGE_STRING "MPFR 4.2.1"
| #define PACKAGE_BUGREPORT ""
| #define PACKAGE_URL ""
| #define HAVE_STDIO_H 1
| #define HAVE_STDLIB_H 1
| #define HAVE_STRING_H 1
| #define HAVE_INTTYPES_H 1
| #define HAVE_STDINT_H 1
| #define HAVE_STRINGS_H 1
| #define HAVE_SYS_STAT_H 1
| #define HAVE_SYS_TYPES_H 1
| #define HAVE_UNISTD_H 1
| #define STDC_HEADERS 1
| #define LT_OBJDIR ".libs/"
| #define HAVE_LITTLE_ENDIAN 1
| #define HAVE_CLOCK_GETTIME 1
| #define HAVE_LOCALE_H 1
| #define HAVE_WCHAR_H 1
| #define HAVE_STDARG 1
| #define HAVE_STRUCT_LCONV_DECIMAL_POINT 1
| #define HAVE_STRUCT_LCONV_THOUSANDS_SEP 1
| #define HAVE_ALLOCA 1
| #define HAVE_UINTPTR_T 1
| #define HAVE_VA_COPY 1
| #define HAVE_SETLOCALE 1
| #define HAVE_GETTIMEOFDAY 1
| #define HAVE_SIGNAL 1
| #define HAVE_LONG_LONG 1
| #define HAVE_INTMAX_T 1
| #define MPFR_HAVE_INTMAX_MAX 1
| #define MPFR_HAVE_NORETURN 1
| #define MPFR_HAVE_BUILTIN_UNREACHABLE 1
| #define MPFR_HAVE_CONSTRUCTOR_ATTR 1
| #define MPFR_HAVE_FESETROUND 1
| #define HAVE_SUBNORM_DBL 1
| #define HAVE_SUBNORM_FLT 1
| #define HAVE_SIGNEDZ 1
| #define HAVE_ROUND 1
| #define HAVE_TRUNC 1
| #define HAVE_FLOOR 1
| #define HAVE_CEIL 1
| #define HAVE_NEARBYINT 1
| #define HAVE_DOUBLE_IEEE_LITTLE_ENDIAN 1
| #define HAVE_LDOUBLE_IEEE_EXT_LITTLE 1
| #define MPFR_USE_THREAD_SAFE 1
| #define MPFR_USE_C11_THREAD_SAFE 1
| #define MPFR_WANT_DECIMAL_FLOATS 1
| #define DECIMAL_BID_FORMAT 1
| #define HAVE_DECIMAL128_IEEE_LITTLE_ENDIAN 1
| #define MPFR_WANT_FLOAT128 1
| #define MPFR_USE_STATIC_ASSERT 1
| #define HAVE_ATTRIBUTE_MODE 1
| /* end confdefs.h.  */
| 
| #include "gmp.h"
| 
configure:18500: result: no
configure:18502: error: gmp.h can't be found, or is unusable.

## ---------------- ##
## Cache variables. ##
## ---------------- ##

ac_cv_build=x86_64-pc-mingw64
ac_cv_c_bigendian=no
ac_cv_c_compiler_gnu=yes
ac_cv_c_const=yes
ac_cv_c_volatile=yes
ac_cv_env_CC_set=
ac_cv_env_CC_value=
ac_cv_env_CFLAGS_set=
ac_cv_env_CFLAGS_value=
ac_cv_env_CPPFLAGS_set=
ac_cv_env_CPPFLAGS_value=
ac_cv_env_CPP_set=
ac_cv_env_CPP_value=
ac_cv_env_LDFLAGS_set=
ac_cv_env_LDFLAGS_value=
ac_cv_env_LIBS_set=
ac_cv_env_LIBS_value=
ac_cv_env_LT_SYS_LIBRARY_PATH_set=
ac_cv_env_LT_SYS_LIBRARY_PATH_value=
ac_cv_env_build_alias_set=
ac_cv_env_build_alias_value=
ac_cv_env_host_alias_set=
ac_cv_env_host_alias_value=
ac_cv_env_target_alias_set=
ac_cv_env_target_alias_value=
ac_cv_exeext=.exe
ac_cv_func_alloca_works=yes
ac_cv_func_gettimeofday=yes
ac_cv_func_setlocale=yes
ac_cv_func_signal=yes
ac_cv_header_dlfcn_h=no
ac_cv_header_float_h=yes
ac_cv_header_inttypes_h=yes
ac_cv_header_limits_h=yes
ac_cv_header_locale_h=yes
ac_cv_header_stdarg_h=yes
ac_cv_header_stdint_h=yes
ac_cv_header_stdio_h=yes
ac_cv_header_stdlib_h=yes
ac_cv_header_string_h=yes
ac_cv_header_strings_h=yes
ac_cv_header_sys_fpu_h=no
ac_cv_header_sys_stat_h=yes
ac_cv_header_sys_types_h=yes
ac_cv_header_unistd_h=yes
ac_cv_header_wchar_h=yes
ac_cv_host=x86_64-pc-mingw64
ac_cv_member_struct_lconv_decimal_point=yes
ac_cv_member_struct_lconv_thousands_sep=yes
ac_cv_objext=o
ac_cv_path_EGREP='/usr/bin/grep -E'
ac_cv_path_FGREP='/usr/bin/grep -F'
ac_cv_path_GREP=/usr/bin/grep
ac_cv_path_SED=/usr/bin/sed
ac_cv_path_install='/usr/bin/install -c'
ac_cv_path_lt_DD=/usr/bin/dd
ac_cv_path_mkdir=/usr/bin/mkdir
ac_cv_prog_AWK=gawk
ac_cv_prog_CPP='gcc -E'
ac_cv_prog_ac_ct_AR=ar
ac_cv_prog_ac_ct_AS=as
ac_cv_prog_ac_ct_CC=gcc
ac_cv_prog_ac_ct_DLLTOOL=dlltool
ac_cv_prog_ac_ct_FILECMD=file
ac_cv_prog_ac_ct_OBJDUMP=objdump
ac_cv_prog_ac_ct_RANLIB=ranlib
ac_cv_prog_ac_ct_STRIP=strip
ac_cv_prog_cc_c11=
ac_cv_prog_cc_g=yes
ac_cv_prog_cc_stdc=
ac_cv_prog_make_make_set=yes
ac_cv_search_clock_gettime='none required'
ac_cv_type_intmax_t=yes
ac_cv_type_long_long_int=yes
ac_cv_type_size_t=yes
ac_cv_type_uintptr_t=yes
ac_cv_type_union_fpc_csr=no
ac_cv_working_alloca_h=no
am_cv_CC_dependencies_compiler_type=gcc3
am_cv_ar_interface=ar
am_cv_make_support_nested_variables=yes
am_cv_prog_cc_c_o=yes
gmp_cv_c_attribute_mode=yes
lt_cv_ar_at_file=@
lt_cv_archive_cmds_need_lc=yes
lt_cv_deplibs_check_method='file_magic ^x86 archive import|^x86 DLL'
lt_cv_file_magic_cmd=func_win32_libid
lt_cv_file_magic_test_file=
lt_cv_ld_reload_flag=-r
lt_cv_nm_interface='BSD nm'
lt_cv_objdir=.libs
lt_cv_path_LD=C:/mingw64/x86_64-w64-mingw32/bin/ld.exe
lt_cv_path_NM='/c/mingw64/bin/nm -B'
lt_cv_path_mainfest_tool=no
lt_cv_prog_compiler_c_o=yes
lt_cv_prog_compiler_pic='-DDLL_EXPORT -DPIC'
lt_cv_prog_compiler_pic_works=yes
lt_cv_prog_compiler_rtti_exceptions=no
lt_cv_prog_compiler_static_works=yes
lt_cv_prog_gnu_ld=yes
lt_cv_sharedlib_from_linklib_cmd=func_cygming_dll_for_implib
lt_cv_sys_global_symbol_pipe='/usr/bin/sed -n -e '\''s/^.*[	 ]\([ABCDGIRSTW][ABCDGIRSTW]*\)[	 ][	 ]*\([_A-Za-z][_A-Za-z0-9]*\)\{0,1\}$/\1 \2 \2/p'\'' | /usr/bin/sed '\''/ __gnu_lto/d'\'''
lt_cv_sys_global_symbol_to_c_name_address='/usr/bin/sed -n -e '\''s/^: \(.*\) .*$/  {"\1", (void *) 0},/p'\'' -e '\''s/^[ABCDGIRSTW][ABCDGIRSTW]* .* \(.*\)$/  {"\1", (void *) \&\1},/p'\'''
lt_cv_sys_global_symbol_to_c_name_address_lib_prefix='/usr/bin/sed -n -e '\''s/^: \(.*\) .*$/  {"\1", (void *) 0},/p'\'' -e '\''s/^[ABCDGIRSTW][ABCDGIRSTW]* .* \(lib.*\)$/  {"\1", (void *) \&\1},/p'\'' -e '\''s/^[ABCDGIRSTW][ABCDGIRSTW]* .* \(.*\)$/  {"lib\1", (void *) \&\1},/p'\'''
lt_cv_sys_global_symbol_to_cdecl='/usr/bin/sed -n -e '\''s/^T .* \(.*\)$/extern int \1();/p'\'' -e '\''s/^[ABCDGIRSTW][ABCDGIRSTW]* .* \(.*\)$/extern char \1;/p'\'''
lt_cv_sys_global_symbol_to_import=
lt_cv_sys_max_cmd_len=8192
lt_cv_to_host_file_cmd=func_convert_file_msys_to_w32
lt_cv_to_tool_file_cmd=func_convert_file_msys_to_w32
lt_cv_truncate_bin='/usr/bin/dd bs=4096 count=1'
mpfr_cv_c_double_format='IEEE double, little endian'
mpfr_cv_c_long_double_format='IEEE extended, little endian (16 bytes)'
mpfr_cv_errdivzero=no
mpfr_cv_gcc_floatconv_bug=no
mpfr_cv_have_builtin_unreachable=yes
mpfr_cv_have_fesetround=yes
mpfr_cv_have_intmax_max=yes
mpfr_cv_have_noreturn=yes
mpfr_cv_have_signedz=yes
mpfr_cv_have_subnorm_dbl=yes
mpfr_cv_have_subnorm_flt=yes
mpfr_cv_nanisnan=no

## ----------------- ##
## Output variables. ##
## ----------------- ##

ACLOCAL='${SHELL} '\''/d/a/GCC/GCC/mpfr-4.2.1/missing'\'' aclocal-1.16'
ALLOCA=''
AMDEPBACKSLASH='\'
AMDEP_FALSE='#'
AMDEP_TRUE=''
AMTAR='$${TAR-tar}'
AM_BACKSLASH='\'
AM_DEFAULT_V='$(AM_DEFAULT_VERBOSITY)'
AM_DEFAULT_VERBOSITY='1'
AM_V='$(V)'
AR='ar'
AS='as'
AUTOCONF='${SHELL} '\''/d/a/GCC/GCC/mpfr-4.2.1/missing'\'' autoconf'
AUTOHEADER='${SHELL} '\''/d/a/GCC/GCC/mpfr-4.2.1/missing'\'' autoheader'
AUTOMAKE='${SHELL} '\''/d/a/GCC/GCC/mpfr-4.2.1/missing'\'' automake-1.16'
AWK='gawk'
CC='gcc'
CCDEPMODE='depmode=gcc3'
CFLAGS='-Wall -Wmissing-prototypes -Wc++-compat -Wpointer-arith -g -O2'
CPP='gcc -E'
CPPFLAGS=' -I/d/a/GCC/GCC/gmp-6.3.0/include'
CSCOPE='cscope'
CTAGS='ctags'
CYGPATH_W='cygpath -w'
DATAFILES=''
DEFS=''
DEPDIR='.deps'
DLLTOOL='dlltool'
DSYMUTIL=''
DUMPBIN=''
ECHO_C=''
ECHO_N='-n'
ECHO_T=''
EGREP='/usr/bin/grep -E'
ETAGS='etags'
EXEEXT='.exe'
FGREP='/usr/bin/grep -F'
FILECMD='file'
GREP='/usr/bin/grep'
INSTALL_DATA='${INSTALL} -m 644'
INSTALL_PROGRAM='${INSTALL}'
INSTALL_SCRIPT='${INSTALL}'
INSTALL_STRIP_PROGRAM='$(install_sh) -c -s'
LD='C:/mingw64/x86_64-w64-mingw32/bin/ld.exe'
LDFLAGS=' -L/d/a/GCC/GCC/gmp-6.3.0/lib'
LIBMPFR_LDFLAGS=''
LIBOBJS=''
LIBS=''
LIBTOOL='$(SHELL) $(top_builddir)/libtool'
LIPO=''
LN_S='cp -pR'
LTLIBOBJS=''
LT_SYS_LIBRARY_PATH=''
MAINT=''
MAINTAINER_MODE_FALSE='#'
MAINTAINER_MODE_TRUE=''
MAKEINFO='${SHELL} '\''/d/a/GCC/GCC/mpfr-4.2.1/missing'\'' makeinfo'
MANIFEST_TOOL=':'
MINI_GMP_FALSE=''
MINI_GMP_TRUE='#'
MKDIR_P='/usr/bin/mkdir -p'
MPFR_LDFLAGS=''
MPFR_LIBM='-lm'
MPFR_LIBQUADMATH='-lquadmath'
NM='/c/mingw64/bin/nm -B'
NMEDIT=''
OBJDUMP='objdump'
OBJEXT='o'
OTOOL64=''
OTOOL=''
PACKAGE='mpfr'
PACKAGE_BUGREPORT=''
PACKAGE_NAME='MPFR'
PACKAGE_STRING='MPFR 4.2.1'
PACKAGE_TARNAME='mpfr'
PACKAGE_URL=''
PACKAGE_VERSION='4.2.1'
PATH_SEPARATOR=':'
PTHREAD_CC=''
PTHREAD_CFLAGS=''
PTHREAD_CXX=''
PTHREAD_LIBS=''
RANLIB='ranlib'
SED='/usr/bin/sed'
SET_MAKE=''
SHELL='/bin/sh'
STRIP='strip'
TUNE_LIBS=''
VERSION='4.2.1'
ac_ct_AR='ar'
ac_ct_CC='gcc'
ac_ct_DUMPBIN=''
am__EXEEXT_FALSE=''
am__EXEEXT_TRUE=''
am__fastdepCC_FALSE='#'
am__fastdepCC_TRUE=''
am__include='include'
am__isrc=''
am__leading_dot='.'
am__nodep='_no'
am__quote=''
am__tar='$${TAR-tar} chof - "$$tardir"'
am__untar='$${TAR-tar} xf -'
ax_pthread_config=''
bindir='${exec_prefix}/bin'
build='x86_64-pc-mingw64'
build_alias=''
build_cpu='x86_64'
build_os='mingw64'
build_vendor='pc'
datadir='${datarootdir}'
datarootdir='${prefix}/share'
docdir='${datarootdir}/doc/${PACKAGE_TARNAME}'
dvidir='${docdir}'
exec_prefix='NONE'
host='x86_64-pc-mingw64'
host_alias=''
host_cpu='x86_64'
host_os='mingw64'
host_vendor='pc'
htmldir='${docdir}'
includedir='${prefix}/include'
infodir='${datarootdir}/info'
install_sh='${SHELL} /d/a/GCC/GCC/mpfr-4.2.1/install-sh'
libdir='${exec_prefix}/lib'
libexecdir='${exec_prefix}/libexec'
localedir='${datarootdir}/locale'
localstatedir='${prefix}/var'
mandir='${datarootdir}/man'
mini_gmp_path=''
mkdir_p='$(MKDIR_P)'
oldincludedir='/usr/include'
pdfdir='${docdir}'
prefix='NONE'
program_transform_name='s,x,x,'
psdir='${docdir}'
runstatedir='${localstatedir}/run'
sbindir='${exec_prefix}/sbin'
sharedstatedir='${prefix}/com'
sysconfdir='${prefix}/etc'
target_alias=''

## ----------- ##
## confdefs.h. ##
## ----------- ##

/* confdefs.h */
#define PACKAGE_NAME "MPFR"
#define PACKAGE_TARNAME "mpfr"
#define PACKAGE_VERSION "4.2.1"
#define PACKAGE_STRING "MPFR 4.2.1"
#define PACKAGE_BUGREPORT ""
#define PACKAGE_URL ""
#define HAVE_STDIO_H 1
#define HAVE_STDLIB_H 1
#define HAVE_STRING_H 1
#define HAVE_INTTYPES_H 1
#define HAVE_STDINT_H 1
#define HAVE_STRINGS_H 1
#define HAVE_SYS_STAT_H 1
#define HAVE_SYS_TYPES_H 1
#define HAVE_UNISTD_H 1
#define STDC_HEADERS 1
#define LT_OBJDIR ".libs/"
#define HAVE_LITTLE_ENDIAN 1
#define HAVE_CLOCK_GETTIME 1
#define HAVE_LOCALE_H 1
#define HAVE_WCHAR_H 1
#define HAVE_STDARG 1
#define HAVE_STRUCT_LCONV_DECIMAL_POINT 1
#define HAVE_STRUCT_LCONV_THOUSANDS_SEP 1
#define HAVE_ALLOCA 1
#define HAVE_UINTPTR_T 1
#define HAVE_VA_COPY 1
#define HAVE_SETLOCALE 1
#define HAVE_GETTIMEOFDAY 1
#define HAVE_SIGNAL 1
#define HAVE_LONG_LONG 1
#define HAVE_INTMAX_T 1
#define MPFR_HAVE_INTMAX_MAX 1
#define MPFR_HAVE_NORETURN 1
#define MPFR_HAVE_BUILTIN_UNREACHABLE 1
#define MPFR_HAVE_CONSTRUCTOR_ATTR 1
#define MPFR_HAVE_FESETROUND 1
#define HAVE_SUBNORM_DBL 1
#define HAVE_SUBNORM_FLT 1
#define HAVE_SIGNEDZ 1
#define HAVE_ROUND 1
#define HAVE_TRUNC 1
#define HAVE_FLOOR 1
#define HAVE_CEIL 1
#define HAVE_NEARBYINT 1
#define HAVE_DOUBLE_IEEE_LITTLE_ENDIAN 1
#define HAVE_LDOUBLE_IEEE_EXT_LITTLE 1
#define MPFR_USE_THREAD_SAFE 1
#define MPFR_USE_C11_THREAD_SAFE 1
#define MPFR_WANT_DECIMAL_FLOATS 1
#define DECIMAL_BID_FORMAT 1
#define HAVE_DECIMAL128_IEEE_LITTLE_ENDIAN 1
#define MPFR_WANT_FLOAT128 1
#define MPFR_USE_STATIC_ASSERT 1
#define HAVE_ATTRIBUTE_MODE 1

configure: exit 1
