This file contains any messages produced by compilers while
running configure, to aid debugging if configure makes a mistake.

It was created by mpc configure 1.3.1, which was
generated by GNU Autoconf 2.69.  Invocation command line was

  $ ./configure --with-gmp=../gmp-6.3.0 --with-mpfr=../mpfr-4.2.1

## --------- ##
## Platform. ##
## --------- ##

hostname = fv-az1785-186
uname -m = x86_64
uname -r = 3.4.10-bc1f6498.x86_64
uname -s = MINGW64_NT-10.0-20348
uname -v = 2024-09-15 15:08 UTC

/usr/bin/uname -p = unknown
/bin/uname -X     = unknown

/bin/arch              = x86_64
/usr/bin/arch -k       = unknown
/usr/convex/getsysinfo = unknown
/usr/bin/hostinfo      = unknown
/bin/machine           = unknown
/usr/bin/oslevel       = unknown
/bin/universe          = unknown

PATH: /mingw64/bin
PATH: /usr/bin
PATH: /c/Users/runneradmin/bin
PATH: /c/Program Files/MongoDB/Server/5.0/bin
PATH: /c/aliyun-cli
PATH: /c/vcpkg
PATH: /c/Program Files (x86)/NSIS
PATH: /c/tools/zstd
PATH: /c/Program Files/Mercurial
PATH: /c/hostedtoolcache/windows/stack/3.1.1/x64
PATH: /c/cabal/bin
PATH: /c/ghcup/bin
PATH: /c/mingw64/bin
PATH: /c/Program Files/dotnet
PATH: /c/Program Files/MySQL/MySQL Server 8.0/bin
PATH: /c/Program Files/R/R-4.4.1/bin/x64
PATH: /c/SeleniumWebDrivers/GeckoDriver
PATH: /c/SeleniumWebDrivers/EdgeDriver
PATH: /c/SeleniumWebDrivers/ChromeDriver
PATH: /c/Program Files (x86)/sbt/bin
PATH: /c/Program Files (x86)/GitHub CLI
PATH: /bin
PATH: /c/Program Files (x86)/pipx_bin
PATH: /c/npm/prefix
PATH: /c/hostedtoolcache/windows/go/1.21.13/x64/bin
PATH: /c/hostedtoolcache/windows/Python/3.9.13/x64/Scripts
PATH: /c/hostedtoolcache/windows/Python/3.9.13/x64
PATH: /c/hostedtoolcache/windows/Ruby/3.0.7/x64/bin
PATH: /c/Program Files/OpenSSL/bin
PATH: /c/tools/kotlinc/bin
PATH: /c/hostedtoolcache/windows/Java_Temurin-Hotspot_jdk/8.0.422-5/x64/bin
PATH: /c/Program Files/ImageMagick-7.1.1-Q16-HDRI
PATH: /c/Program Files/Microsoft SDKs/Azure/CLI2/wbin
PATH: /c/ProgramData/kind
PATH: /c/ProgramData/Chocolatey/bin
PATH: /c/Windows/system32
PATH: /c/Windows
PATH: /c/Windows/System32/Wbem
PATH: /c/Windows/System32/WindowsPowerShell/v1.0
PATH: /c/Windows/System32/OpenSSH
PATH: /c/Program Files/dotnet
PATH: /c/Program Files/PowerShell/7
PATH: /c/Program Files/Microsoft/Web Platform Installer
PATH: /c/Program Files/TortoiseSVN/bin
PATH: /c/Program Files/Microsoft SQL Server/Client SDK/ODBC/170/Tools/Binn
PATH: /c/Program Files/Microsoft SQL Server/150/Tools/Binn
PATH: /c/Program Files (x86)/Windows Kits/10/Windows Performance Toolkit
PATH: /c/Program Files (x86)/WiX Toolset v3.14/bin
PATH: /c/Program Files/Microsoft SQL Server/130/DTS/Binn
PATH: /c/Program Files/Microsoft SQL Server/140/DTS/Binn
PATH: /c/Program Files/Microsoft SQL Server/150/DTS/Binn
PATH: /c/Program Files/Microsoft SQL Server/160/DTS/Binn
PATH: /c/Strawberry/c/bin
PATH: /c/Strawberry/perl/site/bin
PATH: /c/Strawberry/perl/bin
PATH: /c/ProgramData/chocolatey/lib/pulumi/tools/Pulumi/bin
PATH: /c/Program Files/CMake/bin
PATH: /c/ProgramData/chocolatey/lib/maven/apache-maven-3.8.7/bin
PATH: /c/Program Files/Microsoft Service Fabric/bin/Fabric/Fabric.Code
PATH: /c/Program Files/Microsoft SDKs/Service Fabric/Tools/ServiceFabricLocalClusterManager
PATH: /c/Program Files/nodejs
PATH: /cmd
PATH: /mingw64/bin
PATH: /usr/bin
PATH: /c/Program Files/GitHub CLI
PATH: /c/tools/php
PATH: /c/Program Files (x86)/sbt/bin
PATH: /c/Program Files/Amazon/AWSCLIV2
PATH: /c/Program Files/Amazon/SessionManagerPlugin/bin
PATH: /c/Program Files/Amazon/AWSSAMCLI/bin
PATH: /c/Program Files/Microsoft SQL Server/130/Tools/Binn
PATH: /c/Program Files/LLVM/bin
PATH: /c/Users/runneradmin/.dotnet/tools
PATH: /c/Users/runneradmin/.cargo/bin
PATH: /c/Users/runneradmin/AppData/Local/Microsoft/WindowsApps


## ----------- ##
## Core tests. ##
## ----------- ##

configure:2352: checking for a BSD-compatible install
configure:2420: result: /usr/bin/install -c
configure:2431: checking whether build environment is sane
configure:2486: result: yes
configure:2632: checking for a thread-safe mkdir -p
configure:2671: result: /usr/bin/mkdir -p
configure:2678: checking for gawk
configure:2694: found /usr/bin/gawk
configure:2705: result: gawk
configure:2716: checking whether make sets $(MAKE)
configure:2738: result: yes
configure:2767: checking whether make supports nested variables
configure:2784: result: yes
configure:2925: checking whether to enable maintainer-specific portions of Makefiles
configure:2934: result: no
configure:2955: checking build system type
configure:2969: result: x86_64-pc-mingw64
configure:2989: checking host system type
configure:3002: result: x86_64-pc-mingw64
configure:3187: checking for grep that handles long lines and -e
configure:3245: result: /usr/bin/grep
configure:3250: checking for egrep
configure:3312: result: /usr/bin/grep -E
configure:3317: checking for a sed that does not truncate output
configure:3381: result: /usr/bin/sed
configure:3388: checking for CC and CFLAGS in gmp.h
configure:3410: result: no
configure:3483: checking for gcc
configure:3499: found /c/mingw64/bin/gcc
configure:3510: result: gcc
configure:3739: checking for C compiler version
configure:3748: gcc --version >&5
gcc.exe (x86_64-posix-seh-rev2, Built by MinGW-W64 project) 12.2.0
Copyright (C) 2022 Free Software Foundation, Inc.
This is free software; see the source for copying conditions.  There is NO
warranty; not even for MERCHANTABILITY or FITNESS FOR A PARTICULAR PURPOSE.

configure:3759: $? = 0
configure:3748: gcc -v >&5
Using built-in specs.
COLLECT_GCC=C:\mingw64\bin\gcc.exe
COLLECT_LTO_WRAPPER=C:/mingw64/bin/../libexec/gcc/x86_64-w64-mingw32/12.2.0/lto-wrapper.exe
Target: x86_64-w64-mingw32
Configured with: ../../../src/gcc-12.2.0/configure --host=x86_64-w64-mingw32 --build=x86_64-w64-mingw32 --target=x86_64-w64-mingw32 --prefix=/mingw64 --with-sysroot=/c/mingw-builds/ucrt64-seh-posix/x86_64-1220-posix-seh-ucrt-rt_v10-rev2/mingw64 --enable-host-shared --disable-multilib --enable-languages=c,c++,fortran,lto --enable-libstdcxx-time=yes --enable-threads=posix --enable-libgomp --enable-libatomic --enable-lto --enable-graphite --enable-checking=release --enable-fully-dynamic-string --enable-version-specific-runtime-libs --enable-libstdcxx-filesystem-ts=yes --disable-libstdcxx-pch --disable-libstdcxx-debug --enable-bootstrap --disable-rpath --disable-win32-registry --disable-nls --disable-werror --disable-symvers --with-gnu-as --with-gnu-ld --with-arch=nocona --with-tune=core2 --with-libiconv --with-system-zlib --with-gmp=/c/mingw-builds/ucrt64-seh-posix/prerequisites/x86_64-w64-mingw32-static --with-mpfr=/c/mingw-builds/ucrt64-seh-posix/prerequisites/x86_64-w64-mingw32-static --with-mpc=/c/mingw-builds/ucrt64-seh-posix/prerequisites/x86_64-w64-mingw32-static --with-isl=/c/mingw-builds/ucrt64-seh-posix/prerequisites/x86_64-w64-mingw32-static --with-pkgversion='x86_64-posix-seh-rev2, Built by MinGW-W64 project' --with-bugurl=https://sourceforge.net/projects/mingw-w64 CFLAGS='-O2 -pipe -fno-ident -I/c/mingw-builds/ucrt64-seh-posix/x86_64-1220-posix-seh-ucrt-rt_v10-rev2/mingw64/opt/include -I/c/mingw-builds/ucrt64-seh-posix/prerequisites/x86_64-zlib-static/include -I/c/mingw-builds/ucrt64-seh-posix/prerequisites/x86_64-w64-mingw32-static/include' CXXFLAGS='-O2 -pipe -fno-ident -I/c/mingw-builds/ucrt64-seh-posix/x86_64-1220-posix-seh-ucrt-rt_v10-rev2/mingw64/opt/include -I/c/mingw-builds/ucrt64-seh-posix/prerequisites/x86_64-zlib-static/include -I/c/mingw-builds/ucrt64-seh-posix/prerequisites/x86_64-w64-mingw32-static/include' CPPFLAGS=' -I/c/mingw-builds/ucrt64-seh-posix/x86_64-1220-posix-seh-ucrt-rt_v10-rev2/mingw64/opt/include -I/c/mingw-builds/ucrt64-seh-posix/prerequisites/x86_64-zlib-static/include -I/c/mingw-builds/ucrt64-seh-posix/prerequisites/x86_64-w64-mingw32-static/include' LDFLAGS='-pipe -fno-ident -L/c/mingw-builds/ucrt64-seh-posix/x86_64-1220-posix-seh-ucrt-rt_v10-rev2/mingw64/opt/lib -L/c/mingw-builds/ucrt64-seh-posix/prerequisites/x86_64-zlib-static/lib -L/c/mingw-builds/ucrt64-seh-posix/prerequisites/x86_64-w64-mingw32-static/lib ' LD_FOR_TARGET=/c/mingw-builds/ucrt64-seh-posix/x86_64-1220-posix-seh-ucrt-rt_v10-rev2/mingw64/bin/ld.exe --with-boot-ldflags=' -Wl,--disable-dynamicbase -static-libstdc++ -static-libgcc'
Thread model: posix
Supported LTO compression algorithms: zlib
gcc version 12.2.0 (x86_64-posix-seh-rev2, Built by MinGW-W64 project) 
configure:3759: $? = 0
configure:3748: gcc -V >&5
gcc.exe: error: unrecognized command-line option '-V'
gcc.exe: fatal error: no input files
compilation terminated.
configure:3759: $? = 1
configure:3748: gcc -qversion >&5
gcc.exe: error: unrecognized command-line option '-qversion'; did you mean '--version'?
gcc.exe: fatal error: no input files
compilation terminated.
configure:3759: $? = 1
configure:3779: checking whether the C compiler works
configure:3801: gcc  -I../gmp-6.3.0/include -I../mpfr-4.2.1/include  -L../gmp-6.3.0/lib -L../mpfr-4.2.1/lib  conftest.c  >&5
configure:3805: $? = 0
configure:3853: result: yes
configure:3856: checking for C compiler default output file name
configure:3858: result: a.exe
configure:3864: checking for suffix of executables
configure:3871: gcc -o conftest.exe  -I../gmp-6.3.0/include -I../mpfr-4.2.1/include  -L../gmp-6.3.0/lib -L../mpfr-4.2.1/lib  conftest.c  >&5
configure:3875: $? = 0
configure:3897: result: .exe
configure:3919: checking whether we are cross compiling
configure:3927: gcc -o conftest.exe  -I../gmp-6.3.0/include -I../mpfr-4.2.1/include  -L../gmp-6.3.0/lib -L../mpfr-4.2.1/lib  conftest.c  >&5
configure:3931: $? = 0
configure:3938: ./conftest.exe
configure:3942: $? = 0
configure:3957: result: no
configure:3962: checking for suffix of object files
configure:3984: gcc -c  -I../gmp-6.3.0/include -I../mpfr-4.2.1/include  conftest.c >&5
configure:3988: $? = 0
configure:4009: result: o
configure:4013: checking whether we are using the GNU C compiler
configure:4032: gcc -c  -I../gmp-6.3.0/include -I../mpfr-4.2.1/include  conftest.c >&5
configure:4032: $? = 0
configure:4041: result: yes
configure:4050: checking whether gcc accepts -g
configure:4070: gcc -c -g -I../gmp-6.3.0/include -I../mpfr-4.2.1/include  conftest.c >&5
configure:4070: $? = 0
configure:4111: result: yes
configure:4128: checking for gcc option to accept ISO C89
configure:4191: gcc  -c -g -O2 -I../gmp-6.3.0/include -I../mpfr-4.2.1/include  conftest.c >&5
configure:4191: $? = 0
configure:4204: result: none needed
configure:4229: checking whether gcc understands -c and -o together
configure:4251: gcc -c conftest.c -o conftest2.o
configure:4254: $? = 0
configure:4251: gcc -c conftest.c -o conftest2.o
configure:4254: $? = 0
configure:4266: result: yes
configure:4286: checking whether make supports the include directive
configure:4301: make -f confmf.GNU && cat confinc.out
this is the am__doit target
configure:4304: $? = 0
configure:4323: result: yes (GNU style)
configure:4348: checking dependency style of gcc
configure:4459: result: gcc3
configure:4532: checking for ar
configure:4548: found /c/mingw64/bin/ar
configure:4559: result: ar
configure:4585: checking the archiver (ar) interface
configure:4601: gcc -c -g -O2 -I../gmp-6.3.0/include -I../mpfr-4.2.1/include  conftest.c >&5
configure:4601: $? = 0
configure:4603: ar cru libconftest.a conftest.o >&5
configure:4606: $? = 0
configure:4634: result: ar
configure:4702: checking how to print strings
configure:4729: result: printf
configure:4750: checking for a sed that does not truncate output
configure:4814: result: /usr/bin/sed
configure:4832: checking for fgrep
configure:4894: result: /usr/bin/grep -F
configure:4929: checking for ld used by gcc
configure:4996: result: C:/mingw64/x86_64-w64-mingw32/bin/ld.exe
configure:5003: checking if the linker (C:/mingw64/x86_64-w64-mingw32/bin/ld.exe) is GNU ld
configure:5018: result: yes
configure:5030: checking for BSD- or MS-compatible name lister (nm)
configure:5084: result: /c/mingw64/bin/nm -B
configure:5214: checking the name lister (/c/mingw64/bin/nm -B) interface
configure:5221: gcc -c -g -O2 -I../gmp-6.3.0/include -I../mpfr-4.2.1/include  conftest.c >&5
configure:5224: /c/mingw64/bin/nm -B "conftest.o"
configure:5227: output
0000000000000000 b .bss
0000000000000000 d .data
0000000000000000 N .debug_abbrev
0000000000000000 N .debug_aranges
0000000000000000 N .debug_info
0000000000000000 N .debug_line
0000000000000000 N .debug_line_str
0000000000000000 r .rdata$zzz
0000000000000000 t .text
0000000000000000 B some_variable
configure:5234: result: BSD nm
configure:5237: checking whether ln -s works
configure:5244: result: no, using cp -pR
configure:5249: checking the maximum length of command line arguments
configure:5380: result: 8192
configure:5428: checking how to convert x86_64-pc-mingw64 file names to x86_64-pc-mingw64 format
configure:5468: result: func_convert_file_msys_to_w32
configure:5475: checking how to convert x86_64-pc-mingw64 file names to toolchain format
configure:5495: result: func_convert_file_msys_to_w32
configure:5502: checking for C:/mingw64/x86_64-w64-mingw32/bin/ld.exe option to reload object files
configure:5509: result: -r
configure:5583: checking for file
configure:5599: found /usr/bin/file
configure:5610: result: file
configure:5681: checking for objdump
configure:5697: found /c/mingw64/bin/objdump
configure:5708: result: objdump
configure:5737: checking how to recognize dependent libraries
configure:5937: result: file_magic ^x86 archive import|^x86 DLL
configure:6022: checking for dlltool
configure:6038: found /c/mingw64/bin/dlltool
configure:6049: result: dlltool
configure:6079: checking how to associate runtime and link libraries
configure:6106: result: func_cygming_dll_for_implib
configure:6246: checking for archiver @FILE support
configure:6263: gcc -c -g -O2 -I../gmp-6.3.0/include -I../mpfr-4.2.1/include  conftest.c >&5
configure:6263: $? = 0
configure:6266: ar cr libconftest.a @conftest.lst >&5
configure:6269: $? = 0
configure:6274: ar cr libconftest.a @conftest.lst >&5
C:\mingw64\bin\ar.exe: conftest.o: No such file or directory
configure:6277: $? = 1
configure:6289: result: @
configure:6347: checking for strip
configure:6363: found /c/mingw64/bin/strip
configure:6374: result: strip
configure:6446: checking for ranlib
configure:6462: found /c/mingw64/bin/ranlib
configure:6473: result: ranlib
configure:6575: checking command to parse /c/mingw64/bin/nm -B output from gcc object
configure:6728: gcc -c -g -O2 -I../gmp-6.3.0/include -I../mpfr-4.2.1/include  conftest.c >&5
configure:6731: $? = 0
configure:6735: /c/mingw64/bin/nm -B conftest.o \| /usr/bin/sed -n -e 's/^.*[ ]\([ABCDGIRSTW][ABCDGIRSTW]*\)[ ][ ]*\([_A-Za-z][_A-Za-z0-9]*\)\{0,1\}$/\1 \2 \2/p' | /usr/bin/sed '/ __gnu_lto/d' \> conftest.nm
configure:6738: $? = 0
configure:6804: gcc -o conftest.exe -g -O2 -I../gmp-6.3.0/include -I../mpfr-4.2.1/include  -L../gmp-6.3.0/lib -L../mpfr-4.2.1/lib  conftest.c conftstm.o >&5
configure:6807: $? = 0
configure:6845: result: ok
configure:6892: checking for sysroot
configure:6922: result: no
configure:6929: checking for a working dd
configure:6967: result: /usr/bin/dd
configure:6971: checking how to truncate binary pipes
configure:6986: result: /usr/bin/dd bs=4096 count=1
configure:7315: checking for mt
configure:7345: result: no
configure:7365: checking if : is a manifest tool
configure:7371: : '-?'
configure:7379: result: no
configure:8051: checking how to run the C preprocessor
configure:8082: gcc -E -I../gmp-6.3.0/include -I../mpfr-4.2.1/include  conftest.c
configure:8082: $? = 0
configure:8096: gcc -E -I../gmp-6.3.0/include -I../mpfr-4.2.1/include  conftest.c
conftest.c:11:10: fatal error: ac_nonexistent.h: No such file or directory
   11 | #include <ac_nonexistent.h>
      |          ^~~~~~~~~~~~~~~~~~
compilation terminated.
configure:8096: $? = 1
configure: failed program was:
| /* confdefs.h */
| #define PACKAGE_NAME "mpc"
| #define PACKAGE_TARNAME "mpc"
| #define PACKAGE_VERSION "1.3.1"
| #define PACKAGE_STRING "mpc 1.3.1"
| #define PACKAGE_BUGREPORT "mpc-discuss@inria.fr"
| #define PACKAGE_URL ""
| #define PACKAGE "mpc"
| #define VERSION "1.3.1"
| /* end confdefs.h.  */
| #include <ac_nonexistent.h>
configure:8121: result: gcc -E
configure:8141: gcc -E -I../gmp-6.3.0/include -I../mpfr-4.2.1/include  conftest.c
configure:8141: $? = 0
configure:8155: gcc -E -I../gmp-6.3.0/include -I../mpfr-4.2.1/include  conftest.c
conftest.c:11:10: fatal error: ac_nonexistent.h: No such file or directory
   11 | #include <ac_nonexistent.h>
      |          ^~~~~~~~~~~~~~~~~~
compilation terminated.
configure:8155: $? = 1
configure: failed program was:
| /* confdefs.h */
| #define PACKAGE_NAME "mpc"
| #define PACKAGE_TARNAME "mpc"
| #define PACKAGE_VERSION "1.3.1"
| #define PACKAGE_STRING "mpc 1.3.1"
| #define PACKAGE_BUGREPORT "mpc-discuss@inria.fr"
| #define PACKAGE_URL ""
| #define PACKAGE "mpc"
| #define VERSION "1.3.1"
| /* end confdefs.h.  */
| #include <ac_nonexistent.h>
configure:8184: checking for ANSI C header files
configure:8204: gcc -c -g -O2 -I../gmp-6.3.0/include -I../mpfr-4.2.1/include  conftest.c >&5
configure:8204: $? = 0
configure:8277: gcc -o conftest.exe -g -O2 -I../gmp-6.3.0/include -I../mpfr-4.2.1/include  -L../gmp-6.3.0/lib -L../mpfr-4.2.1/lib  conftest.c  >&5
configure:8277: $? = 0
configure:8277: ./conftest.exe
configure:8277: $? = 0
configure:8288: result: yes
configure:8301: checking for sys/types.h
configure:8301: gcc -c -g -O2 -I../gmp-6.3.0/include -I../mpfr-4.2.1/include  conftest.c >&5
configure:8301: $? = 0
configure:8301: result: yes
configure:8301: checking for sys/stat.h
configure:8301: gcc -c -g -O2 -I../gmp-6.3.0/include -I../mpfr-4.2.1/include  conftest.c >&5
configure:8301: $? = 0
configure:8301: result: yes
configure:8301: checking for stdlib.h
configure:8301: gcc -c -g -O2 -I../gmp-6.3.0/include -I../mpfr-4.2.1/include  conftest.c >&5
configure:8301: $? = 0
configure:8301: result: yes
configure:8301: checking for string.h
configure:8301: gcc -c -g -O2 -I../gmp-6.3.0/include -I../mpfr-4.2.1/include  conftest.c >&5
configure:8301: $? = 0
configure:8301: result: yes
configure:8301: checking for memory.h
configure:8301: gcc -c -g -O2 -I../gmp-6.3.0/include -I../mpfr-4.2.1/include  conftest.c >&5
configure:8301: $? = 0
configure:8301: result: yes
configure:8301: checking for strings.h
configure:8301: gcc -c -g -O2 -I../gmp-6.3.0/include -I../mpfr-4.2.1/include  conftest.c >&5
configure:8301: $? = 0
configure:8301: result: yes
configure:8301: checking for inttypes.h
configure:8301: gcc -c -g -O2 -I../gmp-6.3.0/include -I../mpfr-4.2.1/include  conftest.c >&5
configure:8301: $? = 0
configure:8301: result: yes
configure:8301: checking for stdint.h
configure:8301: gcc -c -g -O2 -I../gmp-6.3.0/include -I../mpfr-4.2.1/include  conftest.c >&5
configure:8301: $? = 0
configure:8301: result: yes
configure:8301: checking for unistd.h
configure:8301: gcc -c -g -O2 -I../gmp-6.3.0/include -I../mpfr-4.2.1/include  conftest.c >&5
configure:8301: $? = 0
configure:8301: result: yes
configure:8315: checking for dlfcn.h
configure:8315: gcc -c -g -O2 -I../gmp-6.3.0/include -I../mpfr-4.2.1/include  conftest.c >&5
conftest.c:55:10: fatal error: dlfcn.h: No such file or directory
   55 | #include <dlfcn.h>
      |          ^~~~~~~~~
compilation terminated.
configure:8315: $? = 1
configure: failed program was:
| /* confdefs.h */
| #define PACKAGE_NAME "mpc"
| #define PACKAGE_TARNAME "mpc"
| #define PACKAGE_VERSION "1.3.1"
| #define PACKAGE_STRING "mpc 1.3.1"
| #define PACKAGE_BUGREPORT "mpc-discuss@inria.fr"
| #define PACKAGE_URL ""
| #define PACKAGE "mpc"
| #define VERSION "1.3.1"
| #define STDC_HEADERS 1
| #define HAVE_SYS_TYPES_H 1
| #define HAVE_SYS_STAT_H 1
| #define HAVE_STDLIB_H 1
| #define HAVE_STRING_H 1
| #define HAVE_MEMORY_H 1
| #define HAVE_STRINGS_H 1
| #define HAVE_INTTYPES_H 1
| #define HAVE_STDINT_H 1
| #define HAVE_UNISTD_H 1
| /* end confdefs.h.  */
| #include <stdio.h>
| #ifdef HAVE_SYS_TYPES_H
| # include <sys/types.h>
| #endif
| #ifdef HAVE_SYS_STAT_H
| # include <sys/stat.h>
| #endif
| #ifdef STDC_HEADERS
| # include <stdlib.h>
| # include <stddef.h>
| #else
| # ifdef HAVE_STDLIB_H
| #  include <stdlib.h>
| # endif
| #endif
| #ifdef HAVE_STRING_H
| # if !defined STDC_HEADERS && defined HAVE_MEMORY_H
| #  include <memory.h>
| # endif
| # include <string.h>
| #endif
| #ifdef HAVE_STRINGS_H
| # include <strings.h>
| #endif
| #ifdef HAVE_INTTYPES_H
| # include <inttypes.h>
| #endif
| #ifdef HAVE_STDINT_H
| # include <stdint.h>
| #endif
| #ifdef HAVE_UNISTD_H
| # include <unistd.h>
| #endif
| 
| #include <dlfcn.h>
configure:8315: result: no
configure:8378: checking for as
configure:8394: found /c/mingw64/bin/as
configure:8405: result: as
configure:8470: checking for dlltool
configure:8497: result: dlltool
configure:8562: checking for objdump
configure:8589: result: objdump
configure:8869: checking for objdir
configure:8884: result: .libs
configure:9148: checking if gcc supports -fno-rtti -fno-exceptions
configure:9166: gcc -c -g -O2 -I../gmp-6.3.0/include -I../mpfr-4.2.1/include  -fno-rtti -fno-exceptions conftest.c >&5
cc1.exe: warning: command-line option '-fno-rtti' is valid for C++/D/ObjC++ but not for C
configure:9170: $? = 0
configure:9183: result: no
configure:9541: checking for gcc option to produce PIC
configure:9548: result: -DDLL_EXPORT -DPIC
configure:9556: checking if gcc PIC flag -DDLL_EXPORT -DPIC works
configure:9574: gcc -c -g -O2 -I../gmp-6.3.0/include -I../mpfr-4.2.1/include  -DDLL_EXPORT -DPIC -DPIC conftest.c >&5
configure:9578: $? = 0
configure:9591: result: yes
configure:9620: checking if gcc static flag -static works
configure:9648: result: yes
configure:9663: checking if gcc supports -c -o file.o
configure:9684: gcc -c -g -O2 -I../gmp-6.3.0/include -I../mpfr-4.2.1/include  -o out/conftest2.o conftest.c >&5
configure:9688: $? = 0
configure:9710: result: yes
configure:9718: checking if gcc supports -c -o file.o
configure:9765: result: yes
configure:9798: checking whether the gcc linker (C:/mingw64/x86_64-w64-mingw32/bin/ld.exe) supports shared libraries
configure:11059: result: yes
configure:11096: checking whether -lc should be explicitly linked in
configure:11104: gcc -c -g -O2 -I../gmp-6.3.0/include -I../mpfr-4.2.1/include  conftest.c >&5
configure:11107: $? = 0
configure:11122: gcc -shared conftest.o  -v -o ./conftest -Wl,--enable-auto-image-base -Xlinker --out-implib -Xlinker conftest 2\>\&1 \| /usr/bin/grep  -lc  \>/dev/null 2\>\&1
configure:11125: $? = 1
configure:11139: result: yes
configure:11299: checking dynamic linker characteristics
configure:12117: result: Win32 ld.exe
configure:12239: checking how to hardcode library paths into programs
configure:12264: result: immediate
configure:12812: checking whether stripping libraries is possible
configure:12821: result: yes
configure:12863: checking if libtool supports shared libraries
configure:12865: result: yes
configure:12868: checking whether to build shared libraries
configure:12893: result: yes
configure:12896: checking whether to build static libraries
configure:12900: result: yes
configure:12939: checking for gmp.h
configure:12947: gcc -c -g -O2 -I../gmp-6.3.0/include -I../mpfr-4.2.1/include  conftest.c >&5
conftest.c:23:10: fatal error: gmp.h: No such file or directory
   23 | #include "gmp.h"
      |          ^~~~~~~
compilation terminated.
configure:12947: $? = 1
configure: failed program was:
| /* confdefs.h */
| #define PACKAGE_NAME "mpc"
| #define PACKAGE_TARNAME "mpc"
| #define PACKAGE_VERSION "1.3.1"
| #define PACKAGE_STRING "mpc 1.3.1"
| #define PACKAGE_BUGREPORT "mpc-discuss@inria.fr"
| #define PACKAGE_URL ""
| #define PACKAGE "mpc"
| #define VERSION "1.3.1"
| #define STDC_HEADERS 1
| #define HAVE_SYS_TYPES_H 1
| #define HAVE_SYS_STAT_H 1
| #define HAVE_STDLIB_H 1
| #define HAVE_STRING_H 1
| #define HAVE_MEMORY_H 1
| #define HAVE_STRINGS_H 1
| #define HAVE_INTTYPES_H 1
| #define HAVE_STDINT_H 1
| #define HAVE_UNISTD_H 1
| #define LT_OBJDIR ".libs/"
| /* end confdefs.h.  */
| 
| #include "gmp.h"
| 
configure:12952: result: no
configure:12954: error: gmp.h cannot be found or is unusable.

## ---------------- ##
## Cache variables. ##
## ---------------- ##

ac_cv_build=x86_64-pc-mingw64
ac_cv_c_compiler_gnu=yes
ac_cv_env_CC_set=
ac_cv_env_CC_value=
ac_cv_env_CFLAGS_set=
ac_cv_env_CFLAGS_value=
ac_cv_env_CPPFLAGS_set=
ac_cv_env_CPPFLAGS_value=
ac_cv_env_CPP_set=
ac_cv_env_CPP_value=
ac_cv_env_LDFLAGS_set=
ac_cv_env_LDFLAGS_value=
ac_cv_env_LIBS_set=
ac_cv_env_LIBS_value=
ac_cv_env_LT_SYS_LIBRARY_PATH_set=
ac_cv_env_LT_SYS_LIBRARY_PATH_value=
ac_cv_env_build_alias_set=
ac_cv_env_build_alias_value=
ac_cv_env_host_alias_set=
ac_cv_env_host_alias_value=
ac_cv_env_target_alias_set=
ac_cv_env_target_alias_value=
ac_cv_exeext=.exe
ac_cv_header_dlfcn_h=no
ac_cv_header_inttypes_h=yes
ac_cv_header_memory_h=yes
ac_cv_header_stdc=yes
ac_cv_header_stdint_h=yes
ac_cv_header_stdlib_h=yes
ac_cv_header_string_h=yes
ac_cv_header_strings_h=yes
ac_cv_header_sys_stat_h=yes
ac_cv_header_sys_types_h=yes
ac_cv_header_unistd_h=yes
ac_cv_host=x86_64-pc-mingw64
ac_cv_objext=o
ac_cv_path_EGREP='/usr/bin/grep -E'
ac_cv_path_FGREP='/usr/bin/grep -F'
ac_cv_path_GREP=/usr/bin/grep
ac_cv_path_SED=/usr/bin/sed
ac_cv_path_install='/usr/bin/install -c'
ac_cv_path_lt_DD=/usr/bin/dd
ac_cv_path_mkdir=/usr/bin/mkdir
ac_cv_prog_AWK=gawk
ac_cv_prog_CPP='gcc -E'
ac_cv_prog_ac_ct_AR=ar
ac_cv_prog_ac_ct_AS=as
ac_cv_prog_ac_ct_CC=gcc
ac_cv_prog_ac_ct_DLLTOOL=dlltool
ac_cv_prog_ac_ct_FILECMD=file
ac_cv_prog_ac_ct_OBJDUMP=objdump
ac_cv_prog_ac_ct_RANLIB=ranlib
ac_cv_prog_ac_ct_STRIP=strip
ac_cv_prog_cc_c89=
ac_cv_prog_cc_g=yes
ac_cv_prog_make_make_set=yes
am_cv_CC_dependencies_compiler_type=gcc3
am_cv_ar_interface=ar
am_cv_make_support_nested_variables=yes
am_cv_prog_cc_c_o=yes
lt_cv_ar_at_file=@
lt_cv_archive_cmds_need_lc=yes
lt_cv_deplibs_check_method='file_magic ^x86 archive import|^x86 DLL'
lt_cv_file_magic_cmd=func_win32_libid
lt_cv_file_magic_test_file=
lt_cv_ld_reload_flag=-r
lt_cv_nm_interface='BSD nm'
lt_cv_objdir=.libs
lt_cv_path_LD=C:/mingw64/x86_64-w64-mingw32/bin/ld.exe
lt_cv_path_NM='/c/mingw64/bin/nm -B'
lt_cv_path_mainfest_tool=no
lt_cv_prog_compiler_c_o=yes
lt_cv_prog_compiler_pic='-DDLL_EXPORT -DPIC'
lt_cv_prog_compiler_pic_works=yes
lt_cv_prog_compiler_rtti_exceptions=no
lt_cv_prog_compiler_static_works=yes
lt_cv_prog_gnu_ld=yes
lt_cv_sharedlib_from_linklib_cmd=func_cygming_dll_for_implib
lt_cv_sys_global_symbol_pipe='/usr/bin/sed -n -e '\''s/^.*[	 ]\([ABCDGIRSTW][ABCDGIRSTW]*\)[	 ][	 ]*\([_A-Za-z][_A-Za-z0-9]*\)\{0,1\}$/\1 \2 \2/p'\'' | /usr/bin/sed '\''/ __gnu_lto/d'\'''
lt_cv_sys_global_symbol_to_c_name_address='/usr/bin/sed -n -e '\''s/^: \(.*\) .*$/  {"\1", (void *) 0},/p'\'' -e '\''s/^[ABCDGIRSTW][ABCDGIRSTW]* .* \(.*\)$/  {"\1", (void *) \&\1},/p'\'''
lt_cv_sys_global_symbol_to_c_name_address_lib_prefix='/usr/bin/sed -n -e '\''s/^: \(.*\) .*$/  {"\1", (void *) 0},/p'\'' -e '\''s/^[ABCDGIRSTW][ABCDGIRSTW]* .* \(lib.*\)$/  {"\1", (void *) \&\1},/p'\'' -e '\''s/^[ABCDGIRSTW][ABCDGIRSTW]* .* \(.*\)$/  {"lib\1", (void *) \&\1},/p'\'''
lt_cv_sys_global_symbol_to_cdecl='/usr/bin/sed -n -e '\''s/^T .* \(.*\)$/extern int \1();/p'\'' -e '\''s/^[ABCDGIRSTW][ABCDGIRSTW]* .* \(.*\)$/extern char \1;/p'\'''
lt_cv_sys_global_symbol_to_import=
lt_cv_sys_max_cmd_len=8192
lt_cv_to_host_file_cmd=func_convert_file_msys_to_w32
lt_cv_to_tool_file_cmd=func_convert_file_msys_to_w32
lt_cv_truncate_bin='/usr/bin/dd bs=4096 count=1'

## ----------------- ##
## Output variables. ##
## ----------------- ##

ACLOCAL='${SHELL} '\''/d/a/GCC/GCC/mpc-1.3.1/build-aux/missing'\'' aclocal-1.16'
AMDEPBACKSLASH='\'
AMDEP_FALSE='#'
AMDEP_TRUE=''
AMTAR='$${TAR-tar}'
AM_BACKSLASH='\'
AM_DEFAULT_V='$(AM_DEFAULT_VERBOSITY)'
AM_DEFAULT_VERBOSITY='1'
AM_V='$(V)'
AR='ar'
AS='as'
AUTOCONF='${SHELL} '\''/d/a/GCC/GCC/mpc-1.3.1/build-aux/missing'\'' autoconf'
AUTOHEADER='${SHELL} '\''/d/a/GCC/GCC/mpc-1.3.1/build-aux/missing'\'' autoheader'
AUTOMAKE='${SHELL} '\''/d/a/GCC/GCC/mpc-1.3.1/build-aux/missing'\'' automake-1.16'
AWK='gawk'
CC='gcc'
CCDEPMODE='depmode=gcc3'
CFLAGS='-g -O2'
CPP='gcc -E'
CPPFLAGS='-I../gmp-6.3.0/include -I../mpfr-4.2.1/include '
CSCOPE='cscope'
CTAGS='ctags'
CYGPATH_W='cygpath -w'
DEFS=''
DEPDIR='.deps'
DLLTOOL='dlltool'
DSYMUTIL=''
DUMPBIN=''
ECHO_C=''
ECHO_N='-n'
ECHO_T=''
EGREP='/usr/bin/grep -E'
ETAGS='etags'
EXEEXT='.exe'
FGREP='/usr/bin/grep -F'
FILECMD='file'
GCC_VERSION=''
GITVERSION=''
GREP='/usr/bin/grep'
HASGIT=''
INSTALL_DATA='${INSTALL} -m 644'
INSTALL_PROGRAM='${INSTALL}'
INSTALL_SCRIPT='${INSTALL}'
INSTALL_STRIP_PROGRAM='$(install_sh) -c -s'
LD='C:/mingw64/x86_64-w64-mingw32/bin/ld.exe'
LDFLAGS='-L../gmp-6.3.0/lib -L../mpfr-4.2.1/lib '
LIBOBJS=''
LIBS=''
LIBTOOL='$(SHELL) $(top_builddir)/libtool'
LIPO=''
LN_S='cp -pR'
LTLIBOBJS=''
LT_SYS_LIBRARY_PATH=''
MAINT='#'
MAINTAINER_MODE_FALSE=''
MAINTAINER_MODE_TRUE='#'
MAKEINFO='${SHELL} '\''/d/a/GCC/GCC/mpc-1.3.1/build-aux/missing'\'' makeinfo'
MANIFEST_TOOL=':'
MKDIR_P='/usr/bin/mkdir -p'
MPC_LDFLAGS=''
MPC_LOG_H=''
NM='/c/mingw64/bin/nm -B'
NMEDIT=''
OBJDUMP='objdump'
OBJEXT='o'
OTOOL64=''
OTOOL=''
PACKAGE='mpc'
PACKAGE_BUGREPORT='mpc-discuss@inria.fr'
PACKAGE_NAME='mpc'
PACKAGE_STRING='mpc 1.3.1'
PACKAGE_TARNAME='mpc'
PACKAGE_URL=''
PACKAGE_VERSION='1.3.1'
PATH_SEPARATOR=':'
RANLIB='ranlib'
SED='/usr/bin/sed'
SET_MAKE=''
SHELL='/bin/sh'
STRIP='strip'
VALGRIND=''
VALGRIND_OPTS=''
VERSION='1.3.1'
ac_ct_AR='ar'
ac_ct_CC='gcc'
ac_ct_DUMPBIN=''
am__EXEEXT_FALSE=''
am__EXEEXT_TRUE=''
am__fastdepCC_FALSE='#'
am__fastdepCC_TRUE=''
am__include='include'
am__isrc=''
am__leading_dot='.'
am__nodep='_no'
am__quote=''
am__tar='$${TAR-tar} chof - "$$tardir"'
am__untar='$${TAR-tar} xf -'
bindir='${exec_prefix}/bin'
build='x86_64-pc-mingw64'
build_alias=''
build_cpu='x86_64'
build_os='mingw64'
build_vendor='pc'
datadir='${datarootdir}'
datarootdir='${prefix}/share'
docdir='${datarootdir}/doc/${PACKAGE_TARNAME}'
dvidir='${docdir}'
exec_prefix='NONE'
host='x86_64-pc-mingw64'
host_alias=''
host_cpu='x86_64'
host_os='mingw64'
host_vendor='pc'
htmldir='${docdir}'
includedir='${prefix}/include'
infodir='${datarootdir}/info'
install_sh='${SHELL} /d/a/GCC/GCC/mpc-1.3.1/build-aux/install-sh'
libdir='${exec_prefix}/lib'
libexecdir='${exec_prefix}/libexec'
localedir='${datarootdir}/locale'
localstatedir='${prefix}/var'
mandir='${datarootdir}/man'
mkdir_p='$(MKDIR_P)'
oldincludedir='/usr/include'
pdfdir='${docdir}'
prefix='NONE'
program_transform_name='s,x,x,'
psdir='${docdir}'
sbindir='${exec_prefix}/sbin'
sharedstatedir='${prefix}/com'
sysconfdir='${prefix}/etc'
target_alias=''

## ----------- ##
## confdefs.h. ##
## ----------- ##

/* confdefs.h */
#define PACKAGE_NAME "mpc"
#define PACKAGE_TARNAME "mpc"
#define PACKAGE_VERSION "1.3.1"
#define PACKAGE_STRING "mpc 1.3.1"
#define PACKAGE_BUGREPORT "mpc-discuss@inria.fr"
#define PACKAGE_URL ""
#define PACKAGE "mpc"
#define VERSION "1.3.1"
#define STDC_HEADERS 1
#define HAVE_SYS_TYPES_H 1
#define HAVE_SYS_STAT_H 1
#define HAVE_STDLIB_H 1
#define HAVE_STRING_H 1
#define HAVE_MEMORY_H 1
#define HAVE_STRINGS_H 1
#define HAVE_INTTYPES_H 1
#define HAVE_STDINT_H 1
#define HAVE_UNISTD_H 1
#define LT_OBJDIR ".libs/"

configure: exit 1
