This file contains any messages produced by compilers while
running configure, to aid debugging if configure makes a mistake.

configure:770:10: fatal error: minix/config.h: No such file or directory
  770 | #include <minix/config.h>
      |          ^~~~~~~~~~~~~~~~
compilation terminated.
configure:951:10: fatal error: siginfo.h: No such file or directory
  951 | #include <$ac_hdr>
      |          ^~~~~~~~~  
compilation terminated.
configure:988:1: warning: return type defaults to 'int' [-Wimplicit-int]
  988 | main(){return(0);}
      | ^~~~
configure: In function 'main':
configure:1075:67: warning: implicit declaration of function 'exit' [-Wimplicit-function-declaration]
 1075 | if (XOR (islower (i), ISLOWER (i)) || toupper (i) != TOUPPER (i)) exit(2);
      |                                                                   ^~~~
configure:1071:1: note: include '<stdlib.h>' or provide a declaration of 'exit'
 1070 | #include <ctype.h>
  +++ |+#include <stdlib.h>
 1071 | #define ISLOWER(c) ('a' <= (c) && (c) <= 'z')
configure:1075:67: warning: incompatible implicit declaration of built-in function 'exit' [-Wbuiltin-declaration-mismatch]
 1075 | if (XOR (islower (i), ISLOWER (i)) || toupper (i) != TOUPPER (i)) exit(2);
      |                                                                   ^~~~
configure:1075:67: note: include '<stdlib.h>' or provide a declaration of 'exit'
configure:1076:1: warning: incompatible implicit declaration of built-in function 'exit' [-Wbuiltin-declaration-mismatch]
 1076 | exit (0); }
      | ^~~~
configure:1076:1: note: include '<stdlib.h>' or provide a declaration of 'exit'
C:/mingw64/bin/../lib/gcc/x86_64-w64-mingw32/12.2.0/../../../../x86_64-w64-mingw32/bin/ld.exe: C:\Users\RUNNER~1\AppData\Local\Temp\ccAA4wnb.o: in function `t':
D:\a\GCC\GCC\m4-1.4/configure:1185: undefined reference to `sigaction'
collect2.exe: error: ld returned 1 exit status
C:/mingw64/bin/../lib/gcc/x86_64-w64-mingw32/12.2.0/../../../../x86_64-w64-mingw32/bin/ld.exe: C:\Users\RUNNER~1\AppData\Local\Temp\ccqSQzIk.o: in function `t':
D:\a\GCC\GCC\m4-1.4/configure:1185: undefined reference to `sigaltstack'
collect2.exe: error: ld returned 1 exit status
C:/mingw64/bin/../lib/gcc/x86_64-w64-mingw32/12.2.0/../../../../x86_64-w64-mingw32/bin/ld.exe: C:\Users\RUNNER~1\AppData\Local\Temp\ccy6xFZA.o: in function `t':
D:\a\GCC\GCC\m4-1.4/configure:1185: undefined reference to `sigstack'
collect2.exe: error: ld returned 1 exit status
C:/mingw64/bin/../lib/gcc/x86_64-w64-mingw32/12.2.0/../../../../x86_64-w64-mingw32/bin/ld.exe: C:\Users\RUNNER~1\AppData\Local\Temp\cceEOwk0.o: in function `t':
D:\a\GCC\GCC\m4-1.4/configure:1185: undefined reference to `sigvec'
collect2.exe: error: ld returned 1 exit status
configure:1221:10: fatal error: alloca.h: No such file or directory
 1221 | #include <alloca.h>
      |          ^~~~~~~~~~
compilation terminated.
configure:1519:6: warning: conflicting types for built-in function 'vprintf'; expected 'int(const char *, char *)' [-Wbuiltin-declaration-mismatch]
 1519 | char vprintf();
      |      ^~~~~~~
configure:1518:1: note: 'vprintf' is declared in header '<stdio.h>'
 1517 | #include <ctype.h> /* Arbitrary system header to define __stub macros. */
  +++ |+#include <stdio.h>
 1518 | /* Override any gcc2 internal prototype to avoid an error.  */
