This file contains any messages produced by compilers while
running configure, to aid debugging if configure makes a mistake.

It was created by gettext configure 0.22.5, which was
generated by GNU Autoconf 2.72.  Invocation command line was

  $ ./configure --with-m4=../m4-1.4 --with-libiconv=../libiconv-1.17

## --------- ##
## Platform. ##
## --------- ##

hostname = fv-az1388-551
uname -m = x86_64
uname -r = 3.4.10-bc1f6498.x86_64
uname -s = MINGW64_NT-10.0-20348
uname -v = 2024-09-15 15:08 UTC

/usr/bin/uname -p = unknown
/bin/uname -X     = unknown

/bin/arch              = x86_64
/usr/bin/arch -k       = unknown
/usr/convex/getsysinfo = unknown
/usr/bin/hostinfo      = unknown
/bin/machine           = unknown
/usr/bin/oslevel       = unknown
/bin/universe          = unknown

PATH: /mingw64/bin/
PATH: /usr/bin/
PATH: /c/Users/runneradmin/bin/
PATH: /c/Program Files/MongoDB/Server/5.0/bin/
PATH: /c/aliyun-cli/
PATH: /c/vcpkg/
PATH: /c/Program Files (x86)/NSIS/
PATH: /c/tools/zstd/
PATH: /c/Program Files/Mercurial/
PATH: /c/hostedtoolcache/windows/stack/3.1.1/x64/
PATH: /c/cabal/bin/
PATH: /c/ghcup/bin/
PATH: /c/mingw64/bin/
PATH: /c/Program Files/dotnet/
PATH: /c/Program Files/MySQL/MySQL Server 8.0/bin/
PATH: /c/Program Files/R/R-4.4.1/bin/x64/
PATH: /c/SeleniumWebDrivers/GeckoDriver/
PATH: /c/SeleniumWebDrivers/EdgeDriver/
PATH: /c/SeleniumWebDrivers/ChromeDriver/
PATH: /c/Program Files (x86)/sbt/bin/
PATH: /c/Program Files (x86)/GitHub CLI/
PATH: /bin/
PATH: /c/Program Files (x86)/pipx_bin/
PATH: /c/npm/prefix/
PATH: /c/hostedtoolcache/windows/go/1.21.13/x64/bin/
PATH: /c/hostedtoolcache/windows/Python/3.9.13/x64/Scripts/
PATH: /c/hostedtoolcache/windows/Python/3.9.13/x64/
PATH: /c/hostedtoolcache/windows/Ruby/3.0.7/x64/bin/
PATH: /c/Program Files/OpenSSL/bin/
PATH: /c/tools/kotlinc/bin/
PATH: /c/hostedtoolcache/windows/Java_Temurin-Hotspot_jdk/8.0.422-5/x64/bin/
PATH: /c/Program Files/ImageMagick-7.1.1-Q16-HDRI/
PATH: /c/Program Files/Microsoft SDKs/Azure/CLI2/wbin/
PATH: /c/ProgramData/kind/
PATH: /c/ProgramData/Chocolatey/bin/
PATH: /c/Windows/system32/
PATH: /c/Windows/
PATH: /c/Windows/System32/Wbem/
PATH: /c/Windows/System32/WindowsPowerShell/v1.0/
PATH: /c/Windows/System32/OpenSSH/
PATH: /c/Program Files/dotnet/
PATH: /c/Program Files/PowerShell/7/
PATH: /c/Program Files/Microsoft/Web Platform Installer/
PATH: /c/Program Files/TortoiseSVN/bin/
PATH: /c/Program Files/Microsoft SQL Server/Client SDK/ODBC/170/Tools/Binn/
PATH: /c/Program Files/Microsoft SQL Server/150/Tools/Binn/
PATH: /c/Program Files (x86)/Windows Kits/10/Windows Performance Toolkit/
PATH: /c/Program Files (x86)/WiX Toolset v3.14/bin/
PATH: /c/Program Files/Microsoft SQL Server/130/DTS/Binn/
PATH: /c/Program Files/Microsoft SQL Server/140/DTS/Binn/
PATH: /c/Program Files/Microsoft SQL Server/150/DTS/Binn/
PATH: /c/Program Files/Microsoft SQL Server/160/DTS/Binn/
PATH: /c/Strawberry/c/bin/
PATH: /c/Strawberry/perl/site/bin/
PATH: /c/Strawberry/perl/bin/
PATH: /c/ProgramData/chocolatey/lib/pulumi/tools/Pulumi/bin/
PATH: /c/Program Files/CMake/bin/
PATH: /c/ProgramData/chocolatey/lib/maven/apache-maven-3.8.7/bin/
PATH: /c/Program Files/Microsoft Service Fabric/bin/Fabric/Fabric.Code/
PATH: /c/Program Files/Microsoft SDKs/Service Fabric/Tools/ServiceFabricLocalClusterManager/
PATH: /c/Program Files/nodejs/
PATH: /cmd/
PATH: /mingw64/bin/
PATH: /usr/bin/
PATH: /c/Program Files/GitHub CLI/
PATH: /c/tools/php/
PATH: /c/Program Files (x86)/sbt/bin/
PATH: /c/Program Files/Amazon/AWSCLIV2/
PATH: /c/Program Files/Amazon/SessionManagerPlugin/bin/
PATH: /c/Program Files/Amazon/AWSSAMCLI/bin/
PATH: /c/Program Files/Microsoft SQL Server/130/Tools/Binn/
PATH: /c/Program Files/LLVM/bin/
PATH: /c/Users/runneradmin/.dotnet/tools/
PATH: /c/Users/runneradmin/.cargo/bin/
PATH: /c/Users/runneradmin/AppData/Local/Microsoft/WindowsApps/


## ----------- ##
## Core tests. ##
## ----------- ##

configure:1900: looking for aux files: config.guess config.sub missing install-sh
configure:1913:  trying ./build-aux/
configure:1942:   ./build-aux/config.guess found
configure:1942:   ./build-aux/config.sub found
configure:1942:   ./build-aux/missing found
configure:1924:   ./build-aux/install-sh found
configure:2074: checking for a BSD-compatible install
configure:2148: result: /usr/bin/install -c
configure:2159: checking whether build environment is sane
configure:2214: result: yes
configure:2375: checking for a race-free mkdir -p
configure:2418: result: /usr/bin/mkdir -p
configure:2425: checking for gawk
configure:2446: found /usr/bin/gawk
configure:2458: result: gawk
configure:2469: checking whether make sets $(MAKE)
configure:2493: result: yes
configure:2523: checking whether make supports nested variables
configure:2542: result: yes
configure:2627: checking whether UID '197108' is supported by ustar format
configure:2630: result: yes
configure:2637: checking whether GID '197121' is supported by ustar format
configure:2640: result: yes
configure:2648: checking how to create a ustar tar archive
configure:2659: tar --version
tar (GNU tar) 1.35
Copyright (C) 2023 Free Software Foundation, Inc.
License GPLv3+: GNU GPL version 3 or later <https://gnu.org/licenses/gpl.html>.
This is free software: you are free to change and redistribute it.
There is NO WARRANTY, to the extent permitted by law.

Written by John Gilmore and Jay Fenlason.
configure:2662: $? = 0
configure:2702: tardir=conftest.dir && eval tar --format=ustar -chf - "$tardir" >conftest.tar
configure:2705: $? = 0
configure:2709: tar -xf - <conftest.tar
configure:2712: $? = 0
configure:2714: cat conftest.dir/file
GrepMe
configure:2717: $? = 0
configure:2732: result: gnutar
configure:2817: checking build system type
configure:2833: result: x86_64-pc-mingw64
configure:2853: checking host system type
configure:2868: result: x86_64-pc-mingw64
configure:3705: checking that generated files are newer than configure
configure:3711: result: done
configure:3719: creating ./config.status

## ---------------------- ##
## Running config.status. ##
## ---------------------- ##

This file was extended by gettext config.status 0.22.5, which was
generated by GNU Autoconf 2.72.  Invocation command line was

  CONFIG_FILES    = 
  CONFIG_HEADERS  = 
  CONFIG_LINKS    = 
  CONFIG_COMMANDS = 
  $ ./config.status 

on fv-az1388-551

config.status:765: creating Makefile
config.status:765: creating gnulib-local/Makefile
configure:4803: === configuring in gettext-runtime (/d/a/GCC/GCC/gettext-0.22.5/gettext-runtime)
configure:4864: running /bin/sh ./configure --disable-option-checking '--prefix=/usr/local'  '--with-m4=../m4-1.4' '--with-libiconv=../libiconv-1.17' --cache-file=/dev/null --srcdir=.
configure:4803: === configuring in libtextstyle (/d/a/GCC/GCC/gettext-0.22.5/libtextstyle)
configure:4864: running /bin/sh ./configure --disable-option-checking '--prefix=/usr/local'  '--with-m4=../m4-1.4' '--with-libiconv=../libiconv-1.17' --cache-file=/dev/null --srcdir=.
configure:4803: === configuring in gettext-tools (/d/a/GCC/GCC/gettext-0.22.5/gettext-tools)
configure:4864: running /bin/sh ./configure --disable-option-checking '--prefix=/usr/local'  '--with-m4=../m4-1.4' '--with-libiconv=../libiconv-1.17' --cache-file=/dev/null --srcdir=.

## ---------------- ##
## Cache variables. ##
## ---------------- ##

ac_cv_build=x86_64-pc-mingw64
ac_cv_env_CC_set=
ac_cv_env_CC_value=
ac_cv_env_CFLAGS_set=
ac_cv_env_CFLAGS_value=
ac_cv_env_CPPFLAGS_set=
ac_cv_env_CPPFLAGS_value=
ac_cv_env_CPP_set=
ac_cv_env_CPP_value=
ac_cv_env_CXXCPP_set=
ac_cv_env_CXXCPP_value=
ac_cv_env_CXXFLAGS_set=
ac_cv_env_CXXFLAGS_value=
ac_cv_env_CXX_set=
ac_cv_env_CXX_value=
ac_cv_env_EMACSLOADPATH_set=
ac_cv_env_EMACSLOADPATH_value=
ac_cv_env_EMACS_set=
ac_cv_env_EMACS_value=
ac_cv_env_LDFLAGS_set=
ac_cv_env_LDFLAGS_value=
ac_cv_env_LIBS_set=
ac_cv_env_LIBS_value=
ac_cv_env_LT_SYS_LIBRARY_PATH_set=
ac_cv_env_LT_SYS_LIBRARY_PATH_value=
ac_cv_env_YACC_set=
ac_cv_env_YACC_value=
ac_cv_env_YFLAGS_set=
ac_cv_env_YFLAGS_value=
ac_cv_env_build_alias_set=
ac_cv_env_build_alias_value=
ac_cv_env_host_alias_set=
ac_cv_env_host_alias_value=
ac_cv_env_target_alias_set=
ac_cv_env_target_alias_value=
ac_cv_host=x86_64-pc-mingw64
ac_cv_path_install='/usr/bin/install -c'
ac_cv_path_mkdir=/usr/bin/mkdir
ac_cv_prog_AWK=gawk
ac_cv_prog_make_make_set=yes
am_cv_make_support_nested_variables=yes
am_cv_prog_tar_ustar=gnutar

## ----------------- ##
## Output variables. ##
## ----------------- ##

ACLOCAL='${SHELL} '\''/d/a/GCC/GCC/gettext-0.22.5/build-aux/missing'\'' aclocal-1.16'
AMTAR='$${TAR-tar}'
AM_BACKSLASH='\'
AM_DEFAULT_V='$(AM_DEFAULT_VERBOSITY)'
AM_DEFAULT_VERBOSITY='1'
AM_V='$(V)'
AUTOCONF='${SHELL} '\''/d/a/GCC/GCC/gettext-0.22.5/build-aux/missing'\'' autoconf'
AUTOHEADER='${SHELL} '\''/d/a/GCC/GCC/gettext-0.22.5/build-aux/missing'\'' autoheader'
AUTOMAKE='${SHELL} '\''/d/a/GCC/GCC/gettext-0.22.5/build-aux/missing'\'' automake-1.16'
AWK='gawk'
CC=''
CFLAGS=''
CPP=''
CPPFLAGS=''
CSCOPE='cscope'
CTAGS='ctags'
CXX=''
CXXCPP=''
CXXFLAGS=''
CYGPATH_W='cygpath -w'
DEFS='-DPACKAGE_NAME=\"gettext\" -DPACKAGE_TARNAME=\"gettext\" -DPACKAGE_VERSION=\"0.22.5\" -DPACKAGE_STRING=\"gettext\ 0.22.5\" -DPACKAGE_BUGREPORT=\"bug-gettext@gnu.org\" -DPACKAGE_URL=\"\" -DPACKAGE=\"gettext\" -DVERSION=\"0.22.5\"'
ECHO_C=''
ECHO_N='-n'
ECHO_T=''
EMACS=''
EMACSLOADPATH=''
ETAGS='etags'
INSTALL_DATA='${INSTALL} -m 644'
INSTALL_PROGRAM='${INSTALL}'
INSTALL_SCRIPT='${INSTALL}'
INSTALL_STRIP_PROGRAM='$(install_sh) -c -s'
LDFLAGS=''
LIBOBJS=''
LIBS=''
LTLIBOBJS=''
LT_SYS_LIBRARY_PATH=''
MAKEINFO='${SHELL} '\''/d/a/GCC/GCC/gettext-0.22.5/build-aux/missing'\'' makeinfo'
MKDIR_P='/usr/bin/mkdir -p'
PACKAGE='gettext'
PACKAGE_BUGREPORT='bug-gettext@gnu.org'
PACKAGE_NAME='gettext'
PACKAGE_STRING='gettext 0.22.5'
PACKAGE_TARNAME='gettext'
PACKAGE_URL=''
PACKAGE_VERSION='0.22.5'
PATH_SEPARATOR=':'
SET_MAKE=''
SHELL='/bin/sh'
STRIP=''
VERSION='0.22.5'
YACC=''
YFLAGS=''
am__isrc=''
am__leading_dot='.'
am__tar='${AMTAR} chf - --format=ustar --owner=root --group=root "$$tardir"'
am__untar='tar -xf -'
bindir='${exec_prefix}/bin'
build='x86_64-pc-mingw64'
build_alias=''
build_cpu='x86_64'
build_os='mingw64'
build_vendor='pc'
datadir='${datarootdir}'
datarootdir='${prefix}/share'
docdir='${datarootdir}/doc/${PACKAGE_TARNAME}'
dvidir='${docdir}'
exec_prefix='${prefix}'
host='x86_64-pc-mingw64'
host_alias=''
host_cpu='x86_64'
host_os='mingw64'
host_vendor='pc'
htmldir='${docdir}'
includedir='${prefix}/include'
infodir='${datarootdir}/info'
install_sh='${SHELL} /d/a/GCC/GCC/gettext-0.22.5/build-aux/install-sh'
libdir='${exec_prefix}/lib'
libexecdir='${exec_prefix}/libexec'
localedir='${datarootdir}/locale'
localstatedir='${prefix}/var'
mandir='${datarootdir}/man'
mkdir_p='$(MKDIR_P)'
oldincludedir='/usr/include'
pdfdir='${docdir}'
prefix='/usr/local'
program_transform_name='s,x,x,'
psdir='${docdir}'
runstatedir='${localstatedir}/run'
sbindir='${exec_prefix}/sbin'
sharedstatedir='${prefix}/com'
subdirs=' gettext-runtime libtextstyle gettext-tools'
sysconfdir='${prefix}/etc'
target_alias=''

## ----------- ##
## confdefs.h. ##
## ----------- ##

/* confdefs.h */
#define PACKAGE_NAME "gettext"
#define PACKAGE_TARNAME "gettext"
#define PACKAGE_VERSION "0.22.5"
#define PACKAGE_STRING "gettext 0.22.5"
#define PACKAGE_BUGREPORT "bug-gettext@gnu.org"
#define PACKAGE_URL ""
#define PACKAGE "gettext"
#define VERSION "0.22.5"

configure: exit 0
