This file contains any messages produced by compilers while
running configure, to aid debugging if configure makes a mistake.

It was created by gettext-examples configure 0.22.5, which was
generated by GNU Autoconf 2.72.  Invocation command line was

  $ ./configure --disable-option-checking --prefix=/usr/local --with-m4=../m4-1.4 --with-libiconv=../libiconv-1.17 --cache-file=/dev/null --srcdir=.

## --------- ##
## Platform. ##
## --------- ##

hostname = fv-az1388-551
uname -m = x86_64
uname -r = 3.4.10-bc1f6498.x86_64
uname -s = MINGW64_NT-10.0-20348
uname -v = 2024-09-15 15:08 UTC

/usr/bin/uname -p = unknown
/bin/uname -X     = unknown

/bin/arch              = x86_64
/usr/bin/arch -k       = unknown
/usr/convex/getsysinfo = unknown
/usr/bin/hostinfo      = unknown
/bin/machine           = unknown
/usr/bin/oslevel       = unknown
/bin/universe          = unknown

PATH: /mingw64/bin/
PATH: /usr/bin/
PATH: /c/Users/runneradmin/bin/
PATH: /c/Program Files/MongoDB/Server/5.0/bin/
PATH: /c/aliyun-cli/
PATH: /c/vcpkg/
PATH: /c/Program Files (x86)/NSIS/
PATH: /c/tools/zstd/
PATH: /c/Program Files/Mercurial/
PATH: /c/hostedtoolcache/windows/stack/3.1.1/x64/
PATH: /c/cabal/bin/
PATH: /c/ghcup/bin/
PATH: /c/mingw64/bin/
PATH: /c/Program Files/dotnet/
PATH: /c/Program Files/MySQL/MySQL Server 8.0/bin/
PATH: /c/Program Files/R/R-4.4.1/bin/x64/
PATH: /c/SeleniumWebDrivers/GeckoDriver/
PATH: /c/SeleniumWebDrivers/EdgeDriver/
PATH: /c/SeleniumWebDrivers/ChromeDriver/
PATH: /c/Program Files (x86)/sbt/bin/
PATH: /c/Program Files (x86)/GitHub CLI/
PATH: /bin/
PATH: /c/Program Files (x86)/pipx_bin/
PATH: /c/npm/prefix/
PATH: /c/hostedtoolcache/windows/go/1.21.13/x64/bin/
PATH: /c/hostedtoolcache/windows/Python/3.9.13/x64/Scripts/
PATH: /c/hostedtoolcache/windows/Python/3.9.13/x64/
PATH: /c/hostedtoolcache/windows/Ruby/3.0.7/x64/bin/
PATH: /c/Program Files/OpenSSL/bin/
PATH: /c/tools/kotlinc/bin/
PATH: /c/hostedtoolcache/windows/Java_Temurin-Hotspot_jdk/8.0.422-5/x64/bin/
PATH: /c/Program Files/ImageMagick-7.1.1-Q16-HDRI/
PATH: /c/Program Files/Microsoft SDKs/Azure/CLI2/wbin/
PATH: /c/ProgramData/kind/
PATH: /c/ProgramData/Chocolatey/bin/
PATH: /c/Windows/system32/
PATH: /c/Windows/
PATH: /c/Windows/System32/Wbem/
PATH: /c/Windows/System32/WindowsPowerShell/v1.0/
PATH: /c/Windows/System32/OpenSSH/
PATH: /c/Program Files/dotnet/
PATH: /c/Program Files/PowerShell/7/
PATH: /c/Program Files/Microsoft/Web Platform Installer/
PATH: /c/Program Files/TortoiseSVN/bin/
PATH: /c/Program Files/Microsoft SQL Server/Client SDK/ODBC/170/Tools/Binn/
PATH: /c/Program Files/Microsoft SQL Server/150/Tools/Binn/
PATH: /c/Program Files (x86)/Windows Kits/10/Windows Performance Toolkit/
PATH: /c/Program Files (x86)/WiX Toolset v3.14/bin/
PATH: /c/Program Files/Microsoft SQL Server/130/DTS/Binn/
PATH: /c/Program Files/Microsoft SQL Server/140/DTS/Binn/
PATH: /c/Program Files/Microsoft SQL Server/150/DTS/Binn/
PATH: /c/Program Files/Microsoft SQL Server/160/DTS/Binn/
PATH: /c/Strawberry/c/bin/
PATH: /c/Strawberry/perl/site/bin/
PATH: /c/Strawberry/perl/bin/
PATH: /c/ProgramData/chocolatey/lib/pulumi/tools/Pulumi/bin/
PATH: /c/Program Files/CMake/bin/
PATH: /c/ProgramData/chocolatey/lib/maven/apache-maven-3.8.7/bin/
PATH: /c/Program Files/Microsoft Service Fabric/bin/Fabric/Fabric.Code/
PATH: /c/Program Files/Microsoft SDKs/Service Fabric/Tools/ServiceFabricLocalClusterManager/
PATH: /c/Program Files/nodejs/
PATH: /cmd/
PATH: /mingw64/bin/
PATH: /usr/bin/
PATH: /c/Program Files/GitHub CLI/
PATH: /c/tools/php/
PATH: /c/Program Files (x86)/sbt/bin/
PATH: /c/Program Files/Amazon/AWSCLIV2/
PATH: /c/Program Files/Amazon/SessionManagerPlugin/bin/
PATH: /c/Program Files/Amazon/AWSSAMCLI/bin/
PATH: /c/Program Files/Microsoft SQL Server/130/Tools/Binn/
PATH: /c/Program Files/LLVM/bin/
PATH: /c/Users/runneradmin/.dotnet/tools/
PATH: /c/Users/runneradmin/.cargo/bin/
PATH: /c/Users/runneradmin/AppData/Local/Microsoft/WindowsApps/


## ----------- ##
## Core tests. ##
## ----------- ##

configure:1719: looking for aux files: missing install-sh
configure:1732:  trying ./../../build-aux/
configure:1761:   ./../../build-aux/missing found
configure:1743:   ./../../build-aux/install-sh found
configure:1893: checking for a BSD-compatible install
configure:1967: result: /usr/bin/install -c
configure:1978: checking whether build environment is sane
configure:2033: result: yes
configure:2194: checking for a race-free mkdir -p
configure:2237: result: /usr/bin/mkdir -p
configure:2244: checking for gawk
configure:2265: found /usr/bin/gawk
configure:2277: result: gawk
configure:2288: checking whether make sets $(MAKE)
configure:2312: result: yes
configure:2342: checking whether make supports nested variables
configure:2361: result: yes
configure:2500: checking for a sed that does not truncate output
configure:2572: result: /usr/bin/sed
configure:2578: checking whether NLS is requested
configure:2589: result: yes
configure:2629: checking for msgfmt
configure:2666: result: no
configure:2672: checking for gmsgfmt
configure:2709: result: :
configure:2754: checking for xgettext
configure:2791: result: no
configure:2833: checking for msgmerge
configure:2869: result: no
configure:3037: checking that generated files are newer than configure
configure:3043: result: done
configure:3051: creating ./config.status

## ---------------------- ##
## Running config.status. ##
## ---------------------- ##

This file was extended by gettext-examples config.status 0.22.5, which was
generated by GNU Autoconf 2.72.  Invocation command line was

  CONFIG_FILES    = 
  CONFIG_HEADERS  = 
  CONFIG_LINKS    = 
  CONFIG_COMMANDS = 
  $ ./config.status 

on fv-az1388-551

config.status:772: creating Makefile
config.status:772: creating installpaths
config.status:772: creating po/Makefile
config.status:944: executing po-directories commands

## ---------------- ##
## Cache variables. ##
## ---------------- ##

ac_cv_env_build_alias_set=
ac_cv_env_build_alias_value=
ac_cv_env_host_alias_set=
ac_cv_env_host_alias_value=
ac_cv_env_target_alias_set=
ac_cv_env_target_alias_value=
ac_cv_path_GMSGFMT=:
ac_cv_path_MSGFMT=:
ac_cv_path_MSGMERGE=:
ac_cv_path_SED=/usr/bin/sed
ac_cv_path_XGETTEXT=:
ac_cv_path_install='/usr/bin/install -c'
ac_cv_path_mkdir=/usr/bin/mkdir
ac_cv_prog_AWK=gawk
ac_cv_prog_make_make_set=yes
am_cv_make_support_nested_variables=yes

## ----------------- ##
## Output variables. ##
## ----------------- ##

ACLOCAL='${SHELL} '\''/d/a/GCC/GCC/gettext-0.22.5/build-aux/missing'\'' aclocal-1.16'
AMTAR='$${TAR-tar}'
AM_BACKSLASH='\'
AM_DEFAULT_V='$(AM_DEFAULT_VERBOSITY)'
AM_DEFAULT_VERBOSITY='1'
AM_V='$(V)'
AUTOCONF='${SHELL} '\''/d/a/GCC/GCC/gettext-0.22.5/build-aux/missing'\'' autoconf'
AUTOHEADER='${SHELL} '\''/d/a/GCC/GCC/gettext-0.22.5/build-aux/missing'\'' autoheader'
AUTOMAKE='${SHELL} '\''/d/a/GCC/GCC/gettext-0.22.5/build-aux/missing'\'' automake-1.16'
AWK='gawk'
CSCOPE='cscope'
CTAGS='ctags'
CYGPATH_W='cygpath -w'
DEFS='-DPACKAGE_NAME=\"gettext-examples\" -DPACKAGE_TARNAME=\"gettext-examples\" -DPACKAGE_VERSION=\"0.22.5\" -DPACKAGE_STRING=\"gettext-examples\ 0.22.5\" -DPACKAGE_BUGREPORT=\"bug-gettext@gnu.org\" -DPACKAGE_URL=\"\" -DPACKAGE=\"gettext-examples\" -DVERSION=\"0.22.5\"'
ECHO_C=''
ECHO_N='-n'
ECHO_T=''
ETAGS='etags'
GETTEXT_MACRO_VERSION='0.20'
GMSGFMT=':'
GMSGFMT_015=':'
INSTALL_DATA='${INSTALL} -m 644'
INSTALL_PROGRAM='${INSTALL}'
INSTALL_SCRIPT='${INSTALL}'
INSTALL_STRIP_PROGRAM='$(install_sh) -c -s'
LIBOBJS=''
LIBS=''
LTLIBOBJS=''
MAKEINFO='${SHELL} '\''/d/a/GCC/GCC/gettext-0.22.5/build-aux/missing'\'' makeinfo'
MKDIR_P='/usr/bin/mkdir -p'
MSGFMT=':'
MSGMERGE=':'
MSGMERGE_FOR_MSGFMT_OPTION='--no-location --quiet'
PACKAGE='gettext-examples'
PACKAGE_BUGREPORT='bug-gettext@gnu.org'
PACKAGE_NAME='gettext-examples'
PACKAGE_STRING='gettext-examples 0.22.5'
PACKAGE_TARNAME='gettext-examples'
PACKAGE_URL=''
PACKAGE_VERSION='0.22.5'
PATH_SEPARATOR=':'
SED='/usr/bin/sed'
SET_MAKE=''
SHELL='/bin/sh'
STRIP=''
USE_NLS='yes'
VERSION='0.22.5'
XGETTEXT=':'
XGETTEXT_015=':'
XGETTEXT_EXTRA_OPTIONS=''
aclocaldir='${datadir}/aclocal'
am__isrc=''
am__leading_dot='.'
am__tar='$${TAR-tar} chof - "$$tardir"'
am__untar='$${TAR-tar} xf -'
bindir='${exec_prefix}/bin'
build_alias=''
datadir='${datarootdir}'
datarootdir='${prefix}/share'
docdir='${datarootdir}/doc/gettext'
dvidir='${docdir}'
exec_prefix='${prefix}'
host_alias=''
htmldir='${docdir}'
includedir='${prefix}/include'
infodir='${datarootdir}/info'
install_sh='${SHELL} /d/a/GCC/GCC/gettext-0.22.5/build-aux/install-sh'
libdir='${exec_prefix}/lib'
libexecdir='${exec_prefix}/libexec'
localedir='${datarootdir}/locale'
localstatedir='${prefix}/var'
mandir='${datarootdir}/man'
mkdir_p='$(MKDIR_P)'
oldincludedir='/usr/include'
pdfdir='${docdir}'
prefix='/usr/local'
program_transform_name='s,x,x,'
psdir='${docdir}'
runstatedir='${localstatedir}/run'
sbindir='${exec_prefix}/sbin'
sharedstatedir='${prefix}/com'
sysconfdir='${prefix}/etc'
target_alias=''

## ----------- ##
## confdefs.h. ##
## ----------- ##

/* confdefs.h */
#define PACKAGE_NAME "gettext-examples"
#define PACKAGE_TARNAME "gettext-examples"
#define PACKAGE_VERSION "0.22.5"
#define PACKAGE_STRING "gettext-examples 0.22.5"
#define PACKAGE_BUGREPORT "bug-gettext@gnu.org"
#define PACKAGE_URL ""
#define PACKAGE "gettext-examples"
#define VERSION "0.22.5"

configure: exit 0
